#PVF_File

`15髦 瓔塢`
606
`掉塭蝶,橡橫避擎匐餌`
601
`晦獄曖 盟雖嬴`
5003
`換爾塭曖 鏃撲`
20600
`蛤蝶囀 縑夥`
5600
`煎蝶 釭辦馨`
5304
`葆檜橫 蝶塭檜醴`
5308
`僭曖 纔塭囀顫欽錳`
15206
`夥塋 雖摹`
5002
`夥檜敷蝶 綠蝶馨`
15501
`夥檜葛 塭櫛蝶`
10201
`奩問曖 褻雖`
20401
`廓萄棣蝶`
10202
`瑤陳曖 翱濛`
604
`碳曖 纔塭囀顫欽錳`
15207
`維曖 纔塭囀顫欽錳`
15801
`鄙匐餌 薯喻`
605
`價 諦檜鍔裔`
10304
`凜蝶塭`
5309
`熱戮褸機儅 縣萼`
5307
`蝶塵塭曖 嬴檜`
15204
`嬴蓮夥 斜溯啻檜渦`
10402
`嬴辦瓔模蒂 餌嫌 模喪`
15205
`嬴蘋鍔 : 掘葷 萼`
5306
`嬴蘋鍔 : 賅楚 塢`
5302
`嬴蘋鍔 : 夥塋 雖摹`
5301
`寰蝶 釭辦馨`
5303
`橫菸曖 纔塭囀顫欽錳`
15901
`縑膘曖 等橾`
501
`擠艙 蘋啪葆瑞`
500
`檜翕蹂億 等葛`
603
`濛溺朝槳曖 獐馨檜塭`
15203
`濤模葬 嶸堅`
20500
`瞪撲曖 掖婦 `
10203
`避擠曖 釭檜釭`
15502
`繭塭曖 澗陪 曄`
5305
`識憲 萄葛蝶`
20602
`纂餌 餌賅塭釭`
10301
`觼葬蝶簾 釭辦舒`
20201
`顫螃腦朝槳曖 檜塭`
15201
`鷓曖 漸`
20601
`嫦朝槳曖 溯嬴`
15202
`葬蘸渦,等歜曖艙輿`
602
`夥塋曖 塒`
20501
`葆欽 奢霤晝`
20403
`葆欽 寥晝`
20402
`萄憐 夥蝶顫`
10504
`紫捱 晦婦餌`
10401
`蝓 歎鬼`
20603
` 嬴塭萄曖 問癱陛`
5004
` 嬴塭萄曖 敝匐餌`
600
` 嬴塭萄曖 葬蝶`
20002