#PVF_File

`GBL掖 渠餌薯`
265
`GBL掖 渠輿掖`
266
`GBL掖 餌薯`
261
`GBL掖 褐婦`
263
`GBL掖 褐紫`
260
`GBL掖 褐紫 B`
264
`GBL掖 輿掖`
262
`鬼繹曖 檣餌`
38
`偃濰熱 髡霞`
1072
`剪傘 戮鼻`
81
`剪傘煎瑪 Exs`
60004
`剪傘煎瑪 Ez8`
60003
`剪傘煎瑪 RX-78`
60002
`剪渠援埤`
1085
`匐擎晦餌 骯紫腦`
901
`匏爵檜堅綰萼`
10
`問癱陛 碟褐`
60001
`問癱陛 戮鼻`
80
`唯檣 瓔紫`
50084
`唸綵曖 馨塭`
21
`堅晝 濰陪馬 煽薑`
1033
`堅綰萼`
1
`堅綰萼 給問渠`
63
`堅綰萼 褊濰`
5
`堅綰萼 癱繫煽`
2
`堅綰萼 癱繫褊濰`
6
`堅餵碳鱔 喀`
50072
`埤源 褻謙餌`
50094
`埤源曖 艙`
77
`埤葬筆`
501
`埤葬憾`
761
`奢橫`
220
`奢諾 觼煎瓔顫`
222
`惚撩曖 濰陪馬 煽薑`
50082
`掘選`
400
`掉'掘嬪衛`
212
`敝匐餌 戮鼻`
84
`敝褐菟萼 戮鼻`
1082
`敝褐韓輿 餌酈`
50087
`斜溯檜 蘸顫贗`
251
`旋塭檜嬴`
50098
`旋溯橫萼`
607
`晦骨 紫腦`
900
`晦葷濰熱 螢滓`
50034
`晦團 葆粽`
50096
`曹嫦曖 煎攪蝶`
3002
`莫韓曹 濰陪馬 煽薑`
50083
`釭檜嬴蝶`
600
`陪 濰陪馬 煽薑`
50080
`喧`
60012
`喻 該衛`
405
`援埤撩醱`
1084
`援埤嶸醱`
1083
`援渦晦 覬綠`
413
`換餌鷓 塭綠釭`
50079
`棻觼蝶`
1053
`渠蓮 溯鍔`
50005
`渠 奢橫`
221
`等萄詩醴`
606
`筆萄煎檜萄`
500
`紫腦棲橫`
280
`紫腦棲橫 EX`
281
`給曖 檣餌`
37
`給蠔曖 溯檜褻`
50008
`菟模褶曖 夥蓮癱腦觼`
50088
`蛤夥辦楝`
253
`集給檜偃`
1075
`塭酈辦蝶`
71
`塊 葆辦萄`
50002
`塊凜`
50093
`溯晦螞`
704
`溯萄 幗蝶攪`
60014
`溯檜蝶`
410
`溯檜盪 議攪`
273
`煎蛞旋煎`
502
`煤葭攪 陛溯蝶`
50095
`瑞陛瑞`
5001
`瑞紫綰萼`
24
`瑞蝶 撮葬蜓葬螞`
51
`瑞檜鍔 樹棲!`
902
`瑞瓔瓔`
252
`葆啗 嬴辦瓔模`
903
`葆斜葆 掉`
407
`葆釭 萵滓憮`
60017
`葆腦餌`
420
`葆徹餌 戮鼻`
82
`葆蝶攪 紫斜葬`
40
`葆蝶攪 攪`
202
`衙萄棲蝶欽錳`
1070
`衙萄棲蝶罹濠欽錳`
1071
`裙葬蝶 賅勒`
402
`髡雖 蝶騷溯`
1000
`髡霞曖 膨唯`
1073
`鼠朝 錨`
1097
`僧僧 葬`
50091
`嘐棲 葆腦餌`
430
`嘐棲 顫辦`
16
`嘐棲辦蝶`
72
`嘐腦酈辦蝶`
70
`嘐蝶塭歜`
1060
`嘐耀 衙萄棲蝶欽錳`
1069
`嘐耀偃`
1074
`團繪 瑤 蘋啄`
40004
`夥塋曖 擁蓮`
50065
`夥嬪 蝶騷溯`
1001
`奩癱 縣葬 瞪餌`
50085
`奩癱曖 嬴葆褻啻蝶`
1013
`奩癱曖 瞪餌`
1012
`寡濘斜極`
271
`滿醴錶醴`
50003
`漆檜`
1051
`滬塊曖 濰陪馬 煽薑`
50081
`滲湯爵檜 衛縣`
5007
`瑤 蘋啄`
60
`瑰檣戮`
50097
`瑰檣曖 僥`
3011
`睡嶸 埤源`
75
`睡 GBL掖 餌薯`
1041
`睡 GBL掖 褐婦`
1040
`睡 GBL掖 褐紫`
1038
`睡 GBL掖 罹褐紫`
1039
`睡 GBL掖 輿掖`
1042
`碳獗曖 撚葬螞`
53
`碳蝶-嬴檜`
50062
`碳曖 薯塭萄`
50064
`碳顫朝 塭`
50033
`綰楝萄陛瑞`
5005
`綰溯檜鍔`
1050
`綠貲掉 錳滄`
1089
`綠蝶葆蝶攪 瑞剪`
1014
`維曖 撩輿 雖斜腦`
3000
`維曖 錚等煎蝶`
50068
`維曖 瞪紫餌`
50010
`餌瑟 蝶塭鎬曖 該葬`
1010
`餌瑟曖 儅濠`
1011
`骯顫綰萼`
23
`億漁曖 瞪紫餌`
50009
`撲檣`
1019
`撮葬蜓葬螞`
50
`模選檜攪`
50069
`熱曖 塵葬嬴`
50066
`蓬腦腦`
60010
`蝶喻綰萼`
25
`蝶濛`
50074
`蝶鏽 蝶煎錶`
401
`蝶鏽馨檣`
1090
`蝶鑒葬蝶`
1091
`蝶饜醴`
602
`蝶驛埤源`
31
`蝶 蝶衙敷`
60015
`蝶埤源`
32
`蝶葬蝶`
411
`蝸煎攪楝`
1020
`衛陛粽`
3
`衛煎陛瑞`
5003
`衛羶僥`
1093
`褐醞 註堅`
50090
`褕濠 葆撚楝蝶`
1043
`嬴紫腦`
601
`嬴塭贗煎模`
422
`嬴檜蝶 顫檜剪`
1016
`嬴蠡葬蝶`
604
`嬴塭蝶`
760
`學喪 葬葬蝶`
50077
`學衛螞`
50063
`憲滓蝶`
201
`擁盪葬啻蝶`
1061
`撿衛唳 蘋啄`
1100
`曄骯 濰陪馬 煽薑`
1031
`橫菸曖 瞪紫餌`
50012
`橡擠 歎夠 凜奩纔`
1017
`橡擠曖 嬴檜蝶髓`
50067
`橡擠檣 凜溯紫`
50006
`橡擠薑滄 蓮蝶馨`
50078
`縈蝶 櫛蝶楝`
701
`縣葬 堅綰萼`
42001
`螃塭攪 衛辦蝶`
50007
`螃幗斜煎蝶`
1052
`辨懍掉 儅濠`
770
`嬪蝶`
603
`檜綰嬴檜`
750
`櫛蝶楝`
700
`橾奩 濰陪馬 煽薑`
1032
`濠蘋衛撿`
50075
`濛翮曖 綠喻蓬`
3013
`盪輿嫡擎 剪嘐`
1092
`瞪問曖 酈啾`
9
`薑滄諾 縑羹漆葬嬴`
904
`薑犒濠 蘋衛撿蝶`
60024
`薑錳餌 塒`
50000
`錨飲 紫`
1080
`錨該葬 蓬`
50092
`雖螟曖 僥`
3010
`霞埤源`
33
`霞曖 檣餌`
39
`離陛遴 褕濰`
1034
`雞葬`
1030
`繹黴 埤源`
76
`羶翕埤源`
34
`蘋啄`
61
`蠔蘋濠觼`
50001
`議攪`
270
`瓔煎陛瑞`
5002
`籐塭萄`
50076
`觼塭歜 幗煎 紫掉羞 渠濰`
1087
`觼塭歜 幗煎 紫掉羞 嬴攪`
1086
`觼塭歜 幗煎 紫掉羞 橾奩`
1088
`觼溯檜雖 檜奩`
5006
`觼溯檜雖 檜奩 摹翕濠`
50070
`贖錨`
1079
`韁 陞煙`
43002
`顫辦 陛萄`
14
`顫辦 嬴嘐`
11
`顫辦 橫撲攪`
13
`顫辦 譫`
50071
`顫辦綠蝶`
12
`顫辦韁 凜辦顫`
15
`顫檜驕`
762
`蘸顫贗`
250
`蠱蝶攪`
60018
`饜郭褶曖 縞溯`
50089
`癱雖 煎瑪`
60019
`模萄裔`
705
`萵`
5004
`溯蝶 覬綠`
210
`檜闋 葆腦餌`
421
`問 楠萄楝傘`
60013
`艇 陛蛤樹`
1006
`塭斜`
50004
`葬蝶 戮鼻`
83
`葬`
60030
`楚斜 衛陛粽`
8
`楚斜 陛粽`
7
`溯歜 議攪`
272
`溯歜 觼`
605
`攪 渦 檜`
1077
`蝶 撮葬蜓葬螞`
52
`檜萄`
50073
`檜 詭蘋 顫辦`
17
`煎辦嬴檜`
211
`該諾 爾煎蛞`
711
`攪`
200
`菟葬蝶 掘選`
409
`菟葬蝶 釭檜`
1081
`菟葬蝶 蝶騷溯驛`
1094
`綻 櫛蝶楝`
702
`曖 馨塭`
3014
`膩曖 綠喻蓬`
22
`旎埤源`
35
`旎曖 塭顫棲`
3001
`曖 瞪紫餌`
50011
`蹂薑 唳綠煽`
1095
`蹂薑 薑滄 餌傖羞`
1098
`陛粽`
4
`葭 溯檜渦`
60016