#PVF_File

0
`Character/Character.kor.str`
1
`Common/Common.kor.str`
2
`Dungeon/Dungeon.kor.str`
3
`equipment/equipment.kor.str`
4
`Etc/Etc.kor.str`
5
`ItemShop/ItemShop.kor.str`
6
`Map/Map.kor.str`
7
`Monster/Monster.kor.str`
8
`Npc/Npc.kor.str`
9
`PassiveObject/PassiveObject.kor.str`
10
`Pet/Pet.kor.str`
11
`n_Quest/Quest.kor.str`
12
`Skill/Skill.kor.str`
13
`stackable/Stackable.kor.str`
14
`Town/Town.kor.str`
15
`WorldMap/WorldMap.kor.str`
16
`Creature/Creature.kor.str`
17
`AICharacter/AICharacter.kor.str`
18
`n_Quest/EpicQuest.kor.str`
19
`Region/Region.kor.str`
20
`UI/UI.kor.str`
21
`PVP_Mission/mission.kor.str`
22
`Etc/RandomOption/RandomOption.kor.str`
23
`Event/Event.kor.str`
24
`ChatEmoticon/ChatEmoticon.kor.str`
25
`ClientOnly/ClientOnly.kor.str`