#PVF_File

`G.S.D`
7
`粕 虞 襄`
34
`煎盪 溯綴`
29
`虜霞`
20
`鑑`
38
`凜橾煙 堅綰萼萄`
9
`賅楚夥塋曖 漆葛`
57
`啪衛`
15
`蘋堆`
11
`螃塢`
36
`婦葬濰掖 紫煎衛`
62
`塭檜傘蝶`
1
`嫦溯釭`
41
`煎驛 虞衛該斜`
13
`蘋蛞`
44
`囀觼 濠晦`
37
`幗騰`
23
`霰援菟 濠晦`
55
`螃腦蘋`
40
`傢晦曖 餌撿`
35
`漣葆檜橫 煽霤濰掖`
31
`撮葬嬴 酈腦團`
2
`葬喻`
42
`啪橾`
25
`dnf open 3th anniversary cake`
90
`粽葬鍔`
24
`蘊釭曖 PC寞 濠晦`
80
`蓬衛嬴`
5
`煎葬寰`
10
`憲漆腦`
27
`[storage]`
22
`薨蛞 蓬釭檜渦`
58
`嬴檜葬蝶`
61
`螃葬嬴 漆檜斜塢蝶`
19
`辦`
32
`褐棻`
4
`欽霞`
8
`蘊釭`
3
`贗煩攪`
26
`嬴萼`
21
`團顫檜`
39
`斜塢蛤蝶`
45
`酈葬 渦 溯檜蛤`
17
`衛勒`
33
`霞`
6
`詬綴 葬攪`
59
`凜塢`
12
`等萵塭`
1000
`棻啻 葆粽煎`
30
`餌褐 萄溯檜蝶`
1001
`葆蒂溶 酈隴蘋`
60