#PVF_File

`濛擎釭鼠A`
304
`維曖 瞪紫餌 賬渦獐`
30074
`濛擎釭鼠B`
305
`粽諾陛 煎1竣偃`
10019
`熱樓撩 瞰渠 等嘐雖`
48038
`薯欽`
714
`爾僭 嬴葬`
800
`olympic fairy shield`
2722
`蝶驛幗綰`
48010
`該蝶韃 識憲`
22008
`nen guard ex`
21044
`棻葬縑 橋朝 釭鼠窖籐`
1030
`綰楝蛤 溯檜粽`
20041
`葆斜啻辦蝶曖 楝蝶 瞪斛 螃粽薛`
8704
`葆徹霞 陛翕 檜`
8084
`煎葭 醱問`
21003
`剪嘐模掉 豭薹漁`
453
`葬獐幗 識憲`
30549
`螃等餌曖 2欽 夢蝶`
8058
`撿蝗 藹雀 `
8885
`諾曖 嶸瞳 豭薹僥`
671
`等蝶衙纂:陳偃`
2959
`煎攪蝶 奢曄`
300
`嬴跨 豭薹 爾蝶僥`
402
`roar stun ex`
21047
`嘐菟螃暮 螃艇薹僥`
424
`饜郭饜蠱`
747
`剪渠 翕鼻`
8612
`餌蜂曖鱉衛啗A`
5100
`餌蜂曖鱉衛啗B`
5101
`蝶檜歇 該 除蕾 等嘐雖`
21027
`蓬嬴該 蹂薑 儅撩晦`
4312
`煎葬縛 嬴楚 爾蝶僥`
470
`馬餌朝 儅錨`
30580
`嫦 詭檣`
20102
`塭斜曖 驕`
30023
`喧陛萄`
30517
`棺撩塭檜`
1053
`薯萼 驕 嫦婁`
30020
`濩褐掖 給`
8404
`鼠樓撩 瞰渠 等嘐雖`
48081
`檜褒葬縛曖 釭鼠`
8069
`[縑蠡蝶] 撮葬嬴 掘轎 蠡蝶辨 繹璽`
236
`薯憶睡`
24010
`惚諾 曖 纂 婁`
8062
`薯曖 夥輿蘋驕 嫦`
8400
`縑檣暮 葬剪`
22270
`鼠瞳 蹂薑 儅撩晦`
4412
`羹檜憮 - 晱`
23006
`縑筐夥檜蝶 陛衛`
8335
`剪嘐爾蝶 剪嘐還`
30302
`熱盟驕`
30536
`塭顫棲 撩贖塊`
30068
`螢滓曖 檜橫塊`
30321
`槳濩檜 氈朝 夥葬馨檜萄`
8240
`餌蜂曖鱉 鼻濠A`
886
`斜葡 薑跤`
8458
`餌蜂曖鱉 鼻濠B`
887
`嬴檜蝶給 凜溯紫曖 嬴檜蝶 錚檜粽 機`
48032
`膩曖 蠔塭`
20047
`north start fire explosion`
24035
`棺縑憮 雲橫雖朝 繹璽`
267
`嶸葬 濰漁`
8883
``
60032
`嬴檜衛贗葬鍔`
42002
`敝艙撰`
20026
`筆萄煎檜萄 惚 橫蝶檜橫 L`
30052
`MP 蒂 犒衛麵輿朝 蹂薑`
2112
`煎葬縛 螃艇薹僥`
690
`蠱蝶攪 識憲`
22224
`瞪瑪渠1`
758
`瞪瑪渠2`
759
`陝撩 羹檜憮`
23037
`醞溘滲晦`
1027
`瞪瑪渠3`
760
`筆萄煎檜萄 惚 橫蝶檜橫 S`
30051
`縑膘觼 蝶楚衛`
20044
`橫蝶檜橫 贖匙`
40006
`翕薯`
30509
`檜褒葬縛曖 滲濰纂`
8070
`[縑蠡蝶] 衛勒 掘轎 蠡蝶辨 繹璽`
829
`蟾 該 醱問`
24006
`戮鱉`
8987
`熱樓撩 欽匐`
30041
`斜煎鍔棲 濰擁僭`
8054
`啪煎 癱繫給`
30075
`夥蛤 `
48028
`煎蛞旋煎曖 嫦朝 噢憾曖 嫦`
30033
`憮粽錚 溯檜盪塭檜曖 溯檜盪`
22017
`唳爾晦`
8251
`贗塭辦萄鑒`
48058
`樹渦殮掘夥嬪1`
939
`樹渦殮掘夥嬪2`
940
`醞晝 嬴葬 `
50501
`樹渦殮掘夥嬪3`
943
`綰溯蝶 蹂薑`
2512
`撮煎顫 豭薹漁`
413
`陛蝶 銑葬朝 辨該葬翕鼻 蕙賊`
1047
`剪嘐模掉 嶺 爾蝶僥`
458
`等蝶衙纂:寞`
2958
`樓撩 葆徹 等嘐雖`
48066
`等憫曖 釭寞`
8012
`nicolas zombie fire explosion`
25210
`諾曖 嶸瞳 嬴楚 爾蝶僥`
680
`衛煎囀曖綠貲模葬A`
1066
`衛煎囀曖綠貲模葬B`
1067
`衛煎囀曖綠貲模葬C`
1068
`薑曖曖 褕`
24026
`楠渾 蹂薑 儅撩晦`
4613
`葬瓔曖 夥嬪1`
8136
`葬瓔曖 夥嬪2`
8118
`葬瓔曖 夥嬪3`
8119
`棲屬塭蝶 癱繫`
8904
`葬瓔曖 夥嬪4`
8120
`葬瓔曖 夥嬪6`
8123
`濡瑟 醱問`
24016
`c4 ex disk`
22282
`奢橫 晦儅醱`
30013
`橫菸曖 婦 梟霞 陛煎蛔`
339
`攪 絮藹`
30003
`羹檜憮 - 鬿`
23005
`渦綰 勒觼`
22254
`雖睡 辨煽 欽匐`
8882
`貲樓撩 瞰渠 等嘐雖`
48041
`蟾 - 奢橫詳檜`
799
`熱薑`
845
`睡詭嫌`
50300
`嬴檜蝶 粽溯蝶`
30534
`hellbenter_finish_name == NULL, Script/PassiveObject/PassiveObject.kor.str : `
20052
`譟檜橫`
48026
`說除疇`
8416
`雖煆霞`
25006
`嫦餌 煎溯鼻`
23010
`棻觼摹渦獐`
10119
`斜椰 議喱 蝶楚蓮 等嘐雖`
21012
`嬴跨 嬴楚 爾蝶僥`
410
`渠 滿醴`
8239
`檜漸 寞橫僭 (螃粽薛)`
833
`筆萄煎檜萄曖 階擊 勢堅 釭螃朝 陛衛`
30038
`斜葡 鼻濠渦嘐1`
8472
`樹渦殮掘 掘誠1`
870
`膩翕螃粽薛`
8019
`樹渦殮掘 掘誠2`
871
`樹渦殮掘 掘誠3`
872
`膩驕, 漁溘驕`
51000
`樹渦殮掘 掘誠4`
873
`馨塭 嬴檜蝶棲菟斜瑜`
48055
`樹渦殮掘 掘誠5`
874
`釭摹曖 喧`
21007
` 蹺問撰資 嬴楚 僥`
8966
`樹渦殮掘 掘誠6`
875
`樹渦殮掘 掘誠7`
876
`樓撩 僭葬 等嘐雖`
48034
`樹渦殮掘 掘誠8`
877
`楚衛 旋煎粽`
24005
`樹渦殮掘 掘誠9`
878
`偃濰熱 髡霞曖 碟褐`
30537
`撮煎顫 螃艇薹漁`
416
`溯萄塊`
40007
`斜葡 雖霞`
8470
`馬螟`
8897
`蜂瑞`
8985
`堅綰萼 諾措 給1`
8430
`堅綰萼 諾措 給2`
8431
`堅綰萼 諾措 給3`
8432
`堅綰萼 諾措 給4`
8433
`煎葬縛 豭薹漁`
463
`溯歜 議攪 橫蝶檜橫 詭檜醴`
30037
`敝匐餌 戮鼻`
642
`問驕()`
30423
`嘐菟螃暮 嶺僥`
427
`檜蝶 蹂薑`
2612
`樹渦絮曖 漆喫葆檣`
8080
`HP諦 MP 蒂 犒衛麵輿朝 蹂薑`
2212
`餌瑟 粽溯蝶`
30395
`虜喇撲骯 瓣模鼻薄`
8102
`撚煎辦霾 豭薹漁`
5582
`嬴跨 豭薹僥`
401
`blame of dead`
25204
`避擎 骯`
1021
`換餌鷓 衙棲盪 陪檜紫 `
48046
`渠陝摹戲煎 曹 曖濠`
780
`諾曖 嶸瞳 螃艇薹僥`
674
` 繹薯摹奩1`
8959
` 繹薯摹奩2`
8958
` 繹薯摹奩3`
8957
`煎`
879
`楚斜 陛粽 衛闌's 橫蝶檜橫`
30267
`斜葡 唳爾晦`
8459
`橡擠 嘐餌橾`
30416
`螢葬綠嬴`
22232
`偃嘐餵`
8940
`跨蝶攪 椰`
8562
`綠貲蟾`
48063
`諾曖 嶸瞳 嶺僥`
677
`喻蝶葆檜橫 餌婁夢蝶1`
915
`喻蝶葆檜橫 餌婁夢蝶2`
955
`煎孺 幗蝶攪`
48076
`贖 `
249
`碳蝶嬴檜 熱葬匐`
30079
`塭曖 檜橫櫛蝶煎蟒`
30320
`喧驕`
30360
`戮溯檜盪`
30027
`諾曖 嶸瞳 豭薹漁`
673
`給鼠渾`
849
`跨蝶攪模`
48024
`煎蛞旋煎曖 階擊 勢堅 釭螃朝 陛衛`
30040
`廓檜橫`
8085
`嘐菟螃暮 螃艇薹漁`
426
`褕曖 螃葬 2`
8043
`棺撩煽餌`
809
`漆賅蝶 模擋`
1060
`斜葡 睡詭嫌`
8460
`爾戮檜 夢 棺撩 爾僭鼻濠`
238
`餌蜂曖鱉 鼻濠渦嘐A`
5106
`餌蜂曖鱉 鼻濠渦嘐B`
5107
`筆萄煎檜萄曖 綰塭檣萄 噢憾`
30522
`煎鰍纂`
30508
`睡膜霞 漁1`
10013
`CHAOS HELL GATE`
791
`寰賊戮`
8705
`陪問`
24036
`蓬嬴該 蹂薑`
2312
`喻蝶葆檜橫 晦菅 豇`
912
`噙溯晦`
8323
` 蹺問撰資 螃艇薹 爾蝶僥`
8970
` 鼠晦鼻濠`
8956
`等蝶衙纂:掘晝鼻濠`
2950
` 爾晝煎離欽 螃艇薹 爾蝶僥`
8950
`囀郭葬`
8986
`簪給3`
50601
`綰塭檣萄 幗綰`
48014
`衝蠔`
8936
`懍樓撩 瞰渠 等嘐雖`
48040
`繭塭雖蜂`
30110
`silver stream illusion`
25209
`瞳儀 螃橾 塭蝶觼`
50706
`贖識憲`
8332
`蹕紱嘐憲 擋羹`
1031
`該韁 雖霞 奢問`
30312
`援埤陛衛`
30545
`衝`
20051
`爾僭鼻濠_樹渦_辨懍掉辨`
826
`錯 螃粽 嬴檜蝶`
23022
`衛啻檜萄曖 檜觼`
8042
`嬪蝶 嫦`
1016
`奢橫 模 婦瞰菟`
30010
`陷 葆蝶攪葬 顫問`
24027
`婁橾渦嘐`
8989
`絮 窖橫葬`
51321
`蝶滓蝶 除蕾 等嘐雖`
21040
`睡翕貲諾霞`
20038
`撚煎辦霾 螃艇薹僥`
5583
`堅綰萼 儅撩晦`
837
`G-3 椰攪`
22252
`蛤囀檜`
23001
`堅綰萼 諾措 給渦嘐`
8219
`蝶顫渦蝶`
8072
`虞渠晦`
30504
`褒觼 蘋萄`
8888
`翕寰 : 撰璽`
20055
`蛤夥檣 觼楝衛`
24033
`援埤掘蝸`
30544
`煎葬縛 螃艇薹漁`
466
`渠`
880
`蠱蝶攪 嘐餌橾`
22225
` 蹺問撰資 豭薹僥 `
8974
`論嬴 場擎 釭鼠鱔`
5000
`樹渦 檜薑`
810
`薯曖 薑賊嫦餌 夥輿蘋驕`
8245
`剪嘐模掉 嬴楚僥`
459
`奢橫 爾蝶 婦瞰菟`
30012
`餌蜂曖鱉 濛擎 嬴葬`
885
`旎堅`
51201
`煎攪蝶曖 褻檜朝 棻葬 嶸嫦濰纂`
1034
`name_7206 == NULL, Script/PassiveObject/PassiveObject.kor.str : `
8107
`塭斜曖 驕曖 嫦 婁`
30024
`掘選曖 蝶鏽`
30089
`繭啗 萄歲鱔`
8033
`釭鼠褻陝2 `
8419
`blizzard thrower boost`
22286
`檜紫盟 顫問`
25211
`嘐菟螃暮 豭薹 爾蝶僥`
422
`綰葬濠萄`
30510
`蛔碳釭鼠`
10157
`埤堅曖 撩蝶楛 埤`
8215
` 蹺問撰資 嶺 爾蝶僥`
8967
`種骯問`
20050
`喻檜橫 嬪濰濠 螃粽薛`
8858
`C4 錳問褻濛`
22283
`惜褐紫菟擊 賅檜啪朝 謙`
1026
`爾蝶 鎰晦曖 蝶觼`
30201
`煎蛞旋煎曖 嫦朝 噢憾`
30031
`綰楷 煎鍔`
22229
`漆賅蝶 螃艇薹 爾蝶僥`
434
`辨懍掉 濛擎夥嬪`
737
`tomb stone ex explosion`
20061
`棺撩 陛衛晦菅`
8364
`CHAOS SEAL GATE`
790
`曹 嬴葬`
781
`衛陛粽 嬴檜衛贗`
30057
`檜綰嬴檜 霞翕`
30305
`MP 蒂 犒衛麵輿朝 蹂薑 儅撩晦`
4112
`粽諾陛 煎2獄羹`
8807
`埤堅曖 櫛蝶葡 賬渦`
8217
`HP 蒂 犒衛麵輿朝 蹂薑 儅撩晦`
4012
`翎渠朝 撩 渠葬戮1`
8490
`翎渠朝 撩 渠葬戮2`
8491
`翎渠朝 撩 渠葬戮3`
8492
`楚斜 衛陛粽 嬴檜衛贗`
30265
`夥塋曖 璽`
50805
`蓬蝶顫罹`
48031
`蝶驛陛蝶`
48019
`換窖檜1`
51300
`葬獐幗 薄 識憲`
22003
`堅橫 觼煎蝶`
48073
`霞輿陛 夢 棺撩 爾僭鼻濠`
239
`萄 議凱 識憲`
22011
`濛擎 給晦菅`
302
`斜溶撚煎蝶 滿醴`
1055
`檣萄 C 掘選`
8854
`嘐菟螃暮 豭薹僥`
421
`櫛蝶瑞渦`
22237
`G-1 囀煎釭`
22248
`縑筐夥檜蝶`
8334
`蘋衛撿蝶 匐 雲掘晦`
30567
`撩贖 塊`
48009
`匐擎韓煽敕`
8065
`賬幗蝶`
23015
`嬴檜蝶 萄`
30554
`鼠誰`
20027
`綵唸驕`
22221
`旋葛曖 鹵`
8067
`蝸塭檜註`
8862
`橡橫稱擎 綠戮`
745
` 爾晝煎離欽 螃艇薹僥`
8951
`餌蜂曖鱉 纔檜綰`
888
`餌瑟 羹檣`
30511
`撚煎辦霾 嶺 爾蝶僥`
5587
`還窖橫葬`
1050
`啻檜驕 嫦`
40009
`剪嘐 蝸煎辦 壎`
30016
`絮鼠 嫦`
21019
`溯檜盪 匐晦`
20020
`蹂薑 薑滄餌傖羞曖 睡詭嫌`
30571
`噙楝霞 翕鼻`
8868
`疇濰`
8500
`奢曖 衝褐 - 寥`
24020
`樹渦殮掘 檜薑`
825
`璽`
50800
`旎堅 雜雖  嫦`
48027
`陛粽 衛闌`
30047
`憮蝶蘭纂 髦`
8851
` 釭鼠鼻濠`
8955
`嘐蔗曖 曖濠`
8095
`嬴跨 豭薹漁`
403
`斜煎鍔棲 膩翕溘 蝶驛`
8324
`蘋腦蘿 盪問煽曖 蝶囀`
8081
`嘐菟螃暮 嶺 爾蝶僥`
428
`諾曖 嶸瞳 螃艇薹漁`
676
`釩戮嶸嫦濰纂`
1028
`撮煎顫 豭薹 爾蝶僥`
412
`賅陛 掘轎`
8824
`嘐蔗曖濠曖 膩翕廓偃`
8604
`綠貲掉儅濠A`
1064
`綠貲掉儅濠B`
1065
`辨曖 堊餌驕曖 嫦 婁`
30035
`斜葡 鼻濠渦嘐`
8471
`蹂薑 薑滄餌傖羞曖 嶸紫 髦`
30570
`檜漸 寞橫僭 (衛除)`
832
`撮煎顫 嬴楚僥`
419
`濛翮翕霞`
20021
`盪喫 濩嬴塭! 顫啃 譫蓿`
23018
`憮贗 橫蛤雖 詭檜醴`
48043
`餌蜂曖鱉 碳疏霞 曄蟾`
5103
`羹檜憮 - `
23003
`檜楠萄 換窖橫葬`
8168
`塭斜 雖煆`
30043
`warroom barrier`
839
`HP諦 MP 蒂 犒衛麵輿朝 蹂薑 儅撩晦`
4212
`棺撩 憫菟葬縑`
891
`G-2 煤葭 賬渦`
22250
`絮鼠 艙羲`
21018
`夥遴憮`
50806
`尷 萄塭檜幗`
24002
`溯檜盪議攪 - 溯檜盪 嫦餌睡碟`
30015
`攪 蝶騷攪`
21004
`鼻濠-2欽惚`
1054
`換餌鷓`
48053
`埤渦嘐曖 蝶鏽`
30095
`啪檜獐斜 纂`
22228
`森 贖匙`
1008
`惜褐紫 欽匐`
30422
`蝶檜橫 除蕾 等嘐雖`
21008
`滿醴戀憐曖 嫦`
8048
`堅綰萼 諾措 嬴葬1`
8424
`睡氅檜饜蠱`
748
`堅綰萼 諾措 嬴葬2`
8425
`堅轎溘 衙霜 嘐餌橾`
23043
`堅綰萼 諾措 嬴葬3`
8426
`堅綰萼 諾措 嬴葬4`
8427
`給豢檜`
50606
`蜂陛霞 埤源 1`
313
`蜂陛霞 埤源 2`
314
`蜂陛霞 埤源 3`
315
`蜂陛霞 埤源 4`
316
`賅蝶覽 孺萄醴攪`
10011
`塭檜 櫛蝶煎蟒`
48075
`漆賅蝶 嬴楚 掘葷 醞唳`
720
`蓬顫檜橫醞盪問識 識憲`
22203
`薯曖 雖錳碟渠錳`
8247
`撰惜驕`
22220
`嫦餌 燮螃楠欐`
30568
`觼煎蝶賅橫`
22253
`煎葬縛 嶺 爾蝶僥`
468
`槳濩檜 橈朝 夥葬馨檜萄`
8246
`嘐菟螃暮 嬴楚 爾蝶僥`
430
`嬴跨 嶺 爾蝶僥`
408
`虜喇撲骯 鼠晦鼻薄`
8101
`橡橫稱擎 釭鼠`
846
`漆賅蝶 虞朝 夠 豭薹`
439
`black wave fire explosion`
25207
`森`
1013
`翕寰 : 繭褻`
20056
`陛粽 衛闌's 橫蝶檜橫`
30048
`陳辨 嬴檜蝶棲菟斜瑜`
30084
`蝶檜渦 葆檣`
8032
`堅綰萼 嫦戮離`
8104
`膩寞餌晦 識憲`
22201
`綿濠瑞 蝶`
23040
`堅綰萼 諾措 釭鼠鼻濠1`
8434
`堅綰萼 諾措 釭鼠鼻濠2`
8435
`wave of momentary slash ex`
20064
`粽煩鍔埤源 識憲`
60035
`紫嫦 檣 儅撩晦`
23017
`顫問衛 檜漸蒂 陛霞 釭鼠`
230
`葬蝶 戮鼻`
654
`煎葬縛 嬴楚僥`
469
`撚煎辦霾 螃艇薹漁`
5585
`紫舜喪 蠔`
30543
`嬪蝶 濠 賬渦獐`
23019
`撚煎辦霾 嬴楚僥`
5588
`衙霜 嘐餌橾`
23007
`剪嘐 檜闋 壎`
30101
`tomb stone ex`
20060
`釭鼠鱔`
60036
`景歇 櫛蝶煎蟒`
48044
`爾腦蝶曖 陛衛`
8014
`綠喻蓬 蓬蝶顫 罹`
30501
`啪檜`
847
`G-0 寡煎檜萄`
22272
`薯萼 識憲`
30018
`奢霤顫 蠔陳`
24017
`嬴跨 嶺僥`
407
`奢橫 渠 婦瞰菟`
30011
`翕寰 : 棲衛`
20058
`堅綰萼 濠 檜橫 櫛蝶煎蟒`
30055
`葆徹跡雖薄 唳堅衛`
48012
`粽諾陛 饜蠱1`
8444
`粽諾陛 饜蠱2`
8446
`渠釭鼠僎纂`
8998
`謝難辨 陝蟾`
8474
`等蝶衙纂:儅撩晦_1`
4650
`埤堅曖 廓偃`
8249
`等蝶衙纂:儅撩晦_2`
4651
`辨該葬翕鼻蕙賊 謝難爾晦`
1042
`等蝶衙纂:儅撩晦_3`
4652
`諾曖 嶸瞳 嬴楚僥`
679
`模饜蠱`
746
`瞪 觼楚`
23067
`羹檜憮 - 渼`
23002
`double score fairy`
2723
`婁橾輿該棲`
8990
`陛萄 醱問`
20039
`蝶啻曖 櫛蝶葡螃幗鑒`
8079
`剪嘐模掉 螃艇薹僥`
454
`粽溯詮`
20013
`菩晦 葆蝶攪葬 醱問`
20059
`碩擎羈蝶驛`
807
`撮煎顫 嶺僥`
417
`等蝶衙纂:蝶觼煤(模)`
2955
`戮蛔`
8988
`漆賅蝶 `
1071
`橡橫稱擎 奩癱陴`
8129
`癱戮煽 癱繫給`
30372
`樓撩問`
23036
`螃等餌 濰擁僭`
8057
`漆賅蝶 虞朝 夠 螃艇薹`
440
` 贖嫦瞪晦`
8964
`斜葡 螃橾1`
8463
`斜葡 螃橾2`
8464
`璽瑟問`
24030
`辨懍掉 贖夥嬪`
735
`爾蝶 嘐餌橾`
30200
`剪嘐掉 夥嬪1`
820
`剪嘐掉 夥嬪2`
821
`剪嘐掉 夥嬪3`
822
`剪嘐掉 夥嬪4`
823
`撮煎顫 嬴楚 爾蝶僥`
420
`葆徹餌 戮鼻`
651
`堅濰陪 議喱`
8047
`螃腦蘋 辦蝶`
8103
`爾僭鼻濠`
8866
`漆賅蝶 綠濰`
721
`嬴檜蝶棲菟斜瑜`
48004
`斜葡 螃橾`
8462
`餌蜂曖鱉嶸滄`
21
`粽煩鍔 堅綰萼 識憲 嫦`
30045
`渠 滿醴 儅撩 嫦`
8238
`羈蝶驛`
20015
`換餌鷓 衙棲盪 陪檜紫 鼻`
48048
`摹晦夥塋縑 菟葬朝 寡傘`
1033
`陝蟾 嫦`
8198
`渠葬戮晦菅`
801
`2006 WorldCup Soccer Ball`
51320
`螢葬朝 綠蝶葆蝶攪 鄙`
30535
`渠釭鼠壽菅1`
8995
`渠釭鼠壽菅2`
8994
`flying squirrel fire explosion`
25201
`渠釭鼠壽菅3`
8993
`嘐菟螃暮 豭薹漁`
423
`渠釭鼠壽菅4`
8992
`剪嘐模掉 豭薹 爾蝶僥`
452
`瞪癱 睡詭嫌`
50305
`餌蜂曖鱉 螃艇薹 啗欽`
5105
`粽諾陛 煎2竣偃`
8806
`羹檜憮 溯蝶`
23030
`漆喫葆檣嫦`
21100
`嬴葬1`
827
`賅楚輿該棲1`
756
`嬴葬2`
828
`賅楚輿該棲2`
757
`嫦撩 瞳儀 螃橾`
50756
`斜葡 褐紫纔檜綰`
8455
`陳辨 嬴檜蝶棲菟1`
30085
`陳辨 嬴檜蝶棲菟2`
30086
`陳辨 嬴檜蝶棲菟3`
30087
`斜葡 釭鼠鱔`
8453
` 爾晝煎離欽 嶺僥`
8948
`陳辨 嬴檜蝶棲菟4`
30088
`蝶葩蛤蝶觼`
50404
`掘腦朝 夥嬪`
264
`碟喻曖 遺麵鍋`
24003
`棺撩 棻葬`
1022
`餌鼻譆鬼曖 煎鑄 雖霞`
21022
`渠嫦`
40008
`樓撩 瞰渠 等嘐雖`
48039
` 爾晝煎離欽 螃艇薹漁`
8949
`蝸董葆徹`
30505
`粽諾陛 縑筐夥檜蝶`
8802
`蝶煎辦 饜葬`
22256
`shield fairy`
2724
`雲橫雖朝 換窖檜`
8200
`熱樓撩 葆徹 等嘐雖`
48065
`惚陛棟 給晦菅`
231
`賬渦獐`
48059
`腎髦嬴陪GBL褐紫嫦檜橫櫛蝶煎蟒`
30523
` 爾晝煎離欽 豭薹僥`
8954
`餌酈曖 碟褐`
30538
`嬴檜衛贗`
42001
`翕寰 : 離睫`
20057
`漆賅蝶 錳唳`
716
`餌蜂曖鱉 曹 嬴葬`
884
`喻蝶葆檜橫 除`
919
`顫辦譫 觼溯檜雖 鷓贗 等嘐雖`
30313
`濛擎 `
250
`議凱獐`
22238
`剪摹`
24014
`薯曖 褐驕`
8232
`萄歲鱔`
8944
` 蹺問撰資 豭薹 爾蝶僥`
8973
`煎攪蝶 - 跺鱔褻腦晦`
51326
`堅綰萼 諾措 釭鼠晦菅2`
8437
`橡橫稱擎 奩癱喪`
8130
`雖曖 衝褐 - 鼠`
24019
`蝓葬曖 璽`
24022
`蹂薑 唳綠煽曖 髦`
30539
`棺撩 渠葬戮 顫橾 1`
924
`棺撩 渠葬戮 顫橾 2`
925
`葬癒瑞釭`
857
`斜葡衛醴 罹褐紫 膩煽`
8859
`棺撩 渠葬戮 顫橾 3`
926
`衛闌`
40001
`棺撩 渠葬戮 顫橾 5`
927
`樹渦 夥嬪1`
811
`棺撩 渠葬戮 顫橾 6`
928
`樹渦 夥嬪2`
812
`碳蝶嬴檜 溯萄塊`
30065
`棺撩 渠葬戮 顫橾 7`
929
`樹渦 夥嬪3`
8106
`棺撩 渠葬戮 顫橾 8`
930
`棺撩 渠葬戮 顫橾 9`
931
`啻檜驕`
22209
` 濛擎 嫦瞪晦`
8961
`翮霤`
20022
`懍樓撩 欽匐`
30042
`嘐棲顫辦 儅撩晦`
838
`煎攪蝶 旌堅 雖釭陛朝 棻葬 嶸嫦濰纂`
1032
`橡擠 嫦`
30415
`辨該葬 喧驕`
30083
`speed fairy`
2725
`換餌鷓 衙棲盪 陪檜紫 醞`
48047
`喻蝶葆檜橫 晦菅 幙`
914
` 爾晝煎離欽 嶺 爾蝶僥`
8947
`熱樓撩 僭葬 等嘐雖`
48033
`inazma kicked`
25202
`跡橈朝 晦餌曖 嶸滄`
883
`鼠樓撩 葆徹 等嘐雖`
48069
`棺撩 渠葬戮 顫橾 10`
932
`鱔褐晦 惚`
8333
`棺撩 渠葬戮 顫橾 11`
933
`棺撩 渠葬戮 顫橾 12`
934
`棺撩 渠葬戮 顫橾 13`
935
`棺撩 渠葬戮 顫橾 14`
936
`棺撩 渠葬戮 顫橾 15`
937
`棺撩 渠葬戮 顫橾 16`
938
`棻觼 櫛蝶煎蟒`
44001
`殮`
8861
`綰塭蓬`
20054
`斜葡 褐瞪曖濠`
8465
`漆賅蝶 嶺僥`
435
`Teleporter`
793
`等蝶衙纂:蝶觼煤(渠)`
2956
`dark explosion of grab explosion ex`
21046
`楚衛 葆檣`
22243
`濩晦 嫦 顫問`
20049
`蹺瞳 嬴檜蝶 錚檜粽`
48080
`棺撩 摹晦 螃艇薹爾晦`
269
`議攪 議喱獐`
30034
`縑蝶詭塒棻`
22233
`棺跡 翮衙`
50581
`堅綰萼 諾措 寰賊鼻`
8423
`蝶橫`
22241
`堅綰萼 諾措 跡鼻1`
8428
`堅綰萼 諾措 跡鼻2`
8429
`薑觼蝶癱繫僭`
21029
`綰楷 煎鍔 驕`
22236
`FORCEFIELD`
48013
`綰楷`
23025
`惚陛棟 碟熱`
240
`嫦餌 煎蝶 萄`
23009
`楚斜 陛粽 衛闌`
30266
`釭鼠鼻濠渦嘐1`
763
`等蝶衙纂:艇暮(模)`
2951
`釭鼠鼻濠渦嘐2`
764
`楠憮`
22261
`粽諾陛 饜蠱`
8823
`森 `
3006
`塭斜 癱繫給`
30076
`斜葡衛醴 翕鼻`
8461
`蘋濤`
20023
`棺煎 螢塭陛朝 璽`
30080
` 蹺問撰資 豭薹漁`
8972
`煎葬縛 螃艇薹 爾蝶僥`
465
`奢霤顫 醱問`
24018
`夢`
660
`鼠樓撩 僭葬 等嘐雖`
48037
`zombie summon ball`
25205
`褒觼 驕 蘋萄`
8871
`褒幗欽錳 堊蕨 奢`
8893
`撚煎辦霾 豭薹 爾蝶僥`
5581
`諾曖 嶸瞳 螃艇薹 爾蝶僥`
675
`嬴跨 嬴楚僥`
409
`爾僭鼻濠_樹渦`
803
`瑟繭奢`
23032
`辦難辨 陝蟾`
8475
`爾辦勒 薄 識憲`
22015
`羈蝶驛 儅撩晦`
20014
`覬綠 換憲`
30004
`漁溘驕 嫦`
51100
`螃饜衙 薄 識憲`
22006
`詭陛 萄萵 醱問`
23053
`滿醴 癱繫給`
1048
`奩覃碳 嶸滄`
1063
`等蝶衙纂:說除暮(模)`
2953
`霞奢匐`
30555
`嫦 憮粽`
20104
` 爾晝煎離欽 豭薹 爾蝶僥`
8953
`剪嘐憲`
819
`偃葭 識憲`
22217
`剪嘐模掉 嬴楚 爾蝶僥`
460
`紫蜂纂朝 陛葆羞 堅綰萼`
8222
`望虞檜辨 濛擎曖濠`
8450
`斜溶撚煎蝶 釭鼠1`
761
`斜溶撚煎蝶 釭鼠2`
762
`鼠問欽 欽錳蛔濰`
8860
`葆蝶攪 紫斜葬 撩贖塊 嫦`
30056
`髦 螃粽薛2`
8481
`棍 蝶釭檜`
22246
`剪嘐模掉 螃艇薹漁`
456
`綠喻蓬 蓬蝶顫 給`
30528
`喬儀疇 `
8417
`綰煙 幗蝶攪 `
21013
`旎堅睡氅檜`
51200
`膩驕 嫦`
50200
`棺撩 奢橫餵`
1000
`粽諾陛 瞻欽 `
8803
`flash mine ex bomb`
22285
`貲樓撩 葆徹 等嘐雖`
48068
`碳蝶嬴檜 驕`
30370
`name_6832 == NULL, Script/PassiveObject/PassiveObject.kor.str : `
8820
`橫蝶檜橫 濛擎匙`
40003
`檜蝶 蹂薑 儅撩晦`
4612
`嬴跨 螃艇薹 爾蝶僥`
405
`婦`
815
`晦菅1`
311
`釩煆睡`
24011
`晦菅2`
312
`辨懍掉 掘`
831
`螃饜衙 識憲`
22005
`GBL 疇 `
8415
`蝸董陛蝶`
48020
`蹕紱嘐 憲`
1024
` 蹺問撰資 嬴楚 爾蝶僥`
8965
` 蹺問撰資 螃艇薹僥`
8971
`維曖 撩輿 賬渦獐`
48083
`掘選 賅勒曖 蝶鏽 瑤`
48089
`雖煆`
50004
`斜葡 釭鼠鱔菟`
8813
`餌濠`
21005
`鼻晝 嬴葬 `
50502
`斜葡 薑 顫橾`
8138
`漆賅蝶 豭薹僥`
431
`釭鼠褊濠陛1`
840
`釭鼠褊濠陛2`
842
`綰塭檣萄陛蝶`
48022
`雲橫雖朝 綠蝶葆蝶攪 鄙`
30566
`櫛蝶葡 賬渦 儅撩晦`
8218
`撮煎 葬鍔陛蝶`
48025
`憲瑞曖 陛衛`
8013
`cut_11 == NULL, Script/PassiveObject/PassiveObject.kor.str : `
8941
`貲樓撩 僭葬 等嘐雖`
48036
`膩鬼顫 識憲`
22204
`褕曖 螃葬`
24008
`等憫曖 鄙瓣鎰`
8684
`艙匐鼠`
20037
`name_7312 == NULL, Script/PassiveObject/PassiveObject.kor.str : `
8124
`喻蝶葆檜橫 雪擎 漁1`
921
`喻蝶葆檜橫 雪擎 漁2`
922
`餌撿`
20062
`惜濠驕`
22259
`檜寰 檜橫獐`
8996
`餌蜂曖鱉 碳麵霞 曄蟾`
5102
`等蝶衙纂:艇暮(渠)`
2952
`諒旋 嬴檜蝶 錚檜粽`
42007
` 爾晝煎離欽 豭薹漁`
8952
`燮螃楠欐 檜橫 櫛蝶煎蟒`
48064
`掘`
816
`粽諾陛 橡擠`
8843
`學滄(蝶葬蝶)曖 夢錨`
30400
`錳鼠堆`
23049
`斜葡 濰擁僭`
8452
`堅綰萼 諾措 埤渦嘐`
8220
` 繹鼻濠`
8960
`堅綰萼 諾措 爾僭欽雖`
8221
`奢橫曖 歎夠棲`
50950
`粽諾陛 煎1獄羹`
8805
`絮熱曖 寰偃`
48074
`嬴跨 螃艇薹僥`
404
`喻蝶葆檜橫 噙楚晦鱔`
920
`晦奢濰`
21006
`塭斜 雖煆 檜橫 櫛蝶煎蟒`
30044
`撮煎顫 螃艇薹 爾蝶僥`
415
`蘋啄 驕`
30419
`Exs 夥檜陛 嫦餌朝 識憲`
22016
`葬鍔陛蝶`
48023
`等蝶衙纂:說除暮(渠)`
2954
`flying kicked`
25200
`陛蝶 銑葬朝 辨該葬翕鼻 蕙賊 謝難爾晦`
1043
`檜橫 櫛蝶煎蟒`
48088
`餌蜂曖鱉 類 衛 寡傘`
5108
`棺撩 爾僭鼻濠`
235
`撚煎辦霾 嬴楚 爾蝶僥`
5589
`棻葬縑 橋朝 釭鼠窖籐曖 葬剪`
1023
`漆賅蝶 豭薹 爾蝶僥`
432
`name_6833 == NULL, Script/PassiveObject/PassiveObject.kor.str : `
10202
`剪傘 戮鼻`
648
`漆賅蝶 螃艇薹僥`
433
`堅綰萼 儅撩濰纂`
8068
`flash mine ex`
22284
`喻蝶葆檜橫 夢蝶`
860
`螃塭攪 衛辦蝶 賬渦獐`
30071
`菽奢曖 瞪晦 夥葬馨檜`
8083
`棺跡 翮衙 嫦 婁`
50590
`懍樓撩 葆徹 等嘐雖`
48067
`煎攪蝶曖 噙朝 棻葬`
1072
`階縑 夢 衝蠔`
8934
` 爾晝煎離欽 嬴楚 爾蝶僥`
8945
`維曖 撩輿 - 溯檜盪 嫦餌睡碟`
46003
` 爾晝煎離欽 嬴楚 僥`
8946
`剪嘐模掉 豭薹僥`
451
`晦除 顫檜 除蕾 等嘐雖`
21017
`馨塭 嬴檜蝶棲菟1`
30365
`馨塭 嬴檜蝶棲菟2`
30366
`喻蝶葆檜橫 晦菅 齌`
913
`馨塭 嬴檜蝶棲菟3`
30367
`釩戮`
1029
`馨塭 嬴檜蝶棲菟4`
30368
`葆斜葆`
1056
`嘐菟螃暮 嬴楚僥`
429
`給葆蝶攪 撩贖塊`
30069
`鼠瞳 蹂薑`
2412
`椰1`
8939
`椰2`
10014
`椰3`
8497
`堅綰萼 諾措 僭鱔`
8438
`嫦餌 櫛髡`
23011
`棺撩 摹晦 豭薹爾晦`
1020
`橾嫦擒撩 嫦`
21014
`嬴檜蝶 錚檜粽`
20110
`譆鼻晝 嬴葬 `
50503
`撚煎辦霾 螃艇薹 爾蝶僥`
5584
`給蠔 溯檜褻曖 給蠔`
30026
`BLAST`
48001
`囀觼蝶觼盟 葆蝶攪葬 蹺陛顫`
24025
`縑傘雖 熱薑掘`
8559
`等蝶衙纂:誰蠔`
2957
`埤葬筆曖 階擊 勢堅 釭螃朝 陛衛`
30039
`cut_12 == NULL, Script/PassiveObject/PassiveObject.kor.str : `
8943
`檜綰嬴檜曖 濛擎換 溯檜螳`
30303
`嬴除褻 曖濠`
8817
`詭陛 萄萵`
23052
`漆橾萄 飄`
22268
`孺 勒綰溯檜萄`
22277
`衝褐曖 捱`
24034
`撮煎顫 嶺 爾蝶僥`
418
`漆賅蝶 嬴楚 掘葷 錳唳`
717
`僭寞選`
814
`埤堅曖 撩蝶楛 碳粒`
8214
`攪 葆蝶攪 雜雖  嫦`
30064
`堅綰萼 諾措 餵1`
8420
`堅綰萼 諾措 餵2`
8421
`歜憮綰 滿醴`
8496
`蘋腦蘿曖 掘晝擒`
8237
`堅綰萼 諾措 餵3`
8422
`[縑蠡蝶] 煎葬寰 掘轎 蠡蝶辨 繹璽`
859
`啪檜 酈`
30398
`夥款縑 歐嬴螃艇 陛衛`
1014
`懍樓撩 僭葬 等嘐雖`
48035
` 蹺問撰資 嶺僥`
8968
`驕 釭鼠晦菅`
8572
`蹂薑團煽渠濰 饜晦奢問`
8997
`爾檜萄`
48062
`溯檜盪議攪 - 醱瞪脹 溯檜盪 嫦餌睡碟`
30546
`羹檜憮 - 漵`
23004
`賬渦 蝶滓蝶 賬渦獐`
21011
`喻蝶葆檜橫 濠瑞菟1`
918
`塢給1`
956
`塢給2`
957
`塢給3`
958
`塢給4`
959
`離錳曖`
8845
`塢給5`
961
`蝶埤源 識憲`
30002
`賬渦 蝶塭檜觼`
23020
`嬴蠔董蝶`
24029
`撚煎辦霾 嶺僥`
5586
`該蝶韃 薄 識憲`
22009
`晦朝 衝蠔`
8935
`ice of saya ex`
20063
`菟1-1`
308
`綠喻蓬 蓬蝶顫 橫蝶檜橫 S`
30091
`繭啗議喱獐`
8852
`蛤滓 錯`
24004
`煎溯 鏽塭檜渦`
23054
`餌蜂曖鱉 豭薹 啗欽`
5104
`問驕(貲)`
22206
`嬴除褻 裟輿鱔`
8835
`憫菟葬縑 蝶嬪纂`
889
`諾曖 嶸瞳 嶺 爾蝶僥`
678
`寡擋蝶 葆蝶攪葬 顫問`
24028
`膩辨 橫蝶檜橫`
30046
`剪嘐模掉 嶺僥`
457
`蓮剪曖 檜橫粽溯蝶`
8094
`埤渦嘐`
818
`蓬蝶顫 給`
48057
`煎葬縛 豭薹 爾蝶僥`
462
`撩蝶楛 埤曖 懍樓嫦`
8216
`斜葡 雖霞1`
8473
`蜓塭陛曖 牖除 橡擠`
8028
`斜葡 睡憮雖朝 熱薑掘`
8865
`蘋濤羈蝶驛`
844
`蘋啄 熱葬匐`
30007
`萄 議凱 薄 識憲`
22012
`輿衛濠曖換`
1051
`詭蘋 萄照`
22223
`晝 嬴葬 `
50500
`簪給`
50605
`檜橫溯檣`
8086
` 擒鼻濠`
8962
` 蹺問撰資 螃艇薹漁`
8969
`億塭檜 綺`
22211
`蘿溯 憮贗`
8074
`嬴檜蝶棲菟1`
48005
`嬴檜蝶棲菟2`
48006
`name_7405 == NULL, Script/PassiveObject/PassiveObject.kor.str : `
8312
`嬴檜蝶棲菟3`
48007
`嬴檜蝶棲菟4`
48008
`撮煎顫 豭薹僥`
411
`喻詩 錚檜粽`
20001
`鐘鍔陛蝶`
48021
`cut_13 == NULL, Script/PassiveObject/PassiveObject.kor.str : `
8942
`斜葡 睡憮霞 翕鼻1`
8863
`斜葡 睡憮霞 翕鼻2`
8864
`嫖戲賊 模葬陛 釭朝 鄙煎 脹 夥款`
1005
`憮蝶蘭纂 濰漁`
8409
`棲敷 除蕾 等嘐雖`
22207
`喧`
21021
`雖霞`
48002
`斜溶撚煎蝶 餵1`
750
`斜溶撚煎蝶 餵2`
751
`斜溶撚煎蝶 餵3`
752
`斜溶撚煎蝶 餵4`
753
`斜溶撚煎蝶 餵5`
754
`斜溶撚煎蝶 餵6`
755
`薯曖 渠陝摹嫦餌 夥輿蘋驕`
8226
`纂 檜`
8884
`薯萼 驕`
30019
`辨懍掉 醞除夥嬪`
736
`憎紫辦 夢憮`
24007
`葬瓔曖繭薑 夥葬馨檜`
8510
`嬴援衛蘋`
22231
`酈啾 賬渦獐`
30562
`翕 薯`
20018
`喻蝶葆檜橫 翕鼻嫡藹1`
861
`喻蝶葆檜橫 翕鼻嫡藹2`
864
`HP 蒂 犒衛麵輿朝 蹂薑`
2012
`釭鼠褻陝1`
8418
`斜葡 渠渦嘐`
8469
`虜喇撲骯 嬴該鼻薄`
8100
`撩碳`
24009
`嘐菟螃暮 螃艇薹 爾蝶僥`
425
`剪嘐模掉 螃艇薹 爾蝶僥`
455
`堅綰萼滿醴`
1015
`陛檜萄溯檜盪`
48029
`寥 廓偃`
24021
`菟1`
310
`漆賅蝶 嬴楚僥`
437
`煎蛞旋煎曖 蝶楚蓮 等嘐雖`
30032
`濛擎 餌陝 濰擁僭`
715
`凜辦顫 橫蝶蠡檜觼 L`
30054
`煎葬縛 嶺僥`
467
`Poison Blood`
21020
`埤堅曖 廓偃掘葷`
8248
`斜葡 纔檜綰`
8451
`凜辦顫 橫蝶蠡檜觼 S`
48051
`撲骯 饜蠱`
8408
`嬴除褻 衝饕`
8816
`辨該葬翕鼻蕙賊`
1069
`斜葡 給渦嘐1`
8468
`觼葬蝶驍 晦菅`
1035
`斜葡 給渦嘐2`
8467
`煎孺 幗蝶攪 憮粽`
23014
`偃虞渠`
865
`2008 Olympic Fighting Ball`
51322
`Pope 賬渦獐`
30073
`Ghost pillar`
792
`煎濤釭`
22230
`碳蝶嬴檜 驕 嫦`
30548
`掘腦朝 夥嬪 模`
1019
`憲滓饜 營儅晦`
8077
`給晦菅`
301
`綰溯蝶 蹂薑 儅撩晦`
4512
`撮煎顫 螃艇薹僥`
414
`覬綠 換憲 `
30005
`橾襟纂 除蕾 等嘐雖`
21009
`嬴跨 螃艇薹漁`
406
`棺縑憮 雲橫雖朝 璽`
51327
`漆賅蝶 模擋 錠窖檜`
1057
`億衙曖 億 葆葬`
10007
`溼還晦渦嘐`
802
`煎葬縛 豭薹僥`
461
`髦 螃粽薛`
10003
`漆賅蝶 嶺 爾蝶僥`
436
`檜橫 錚檜粽`
20101
`諾曖 嶸瞳 豭薹 爾蝶僥`
672
`塭檜棚 蹺陛 等嘐雖`
46002
`撚煎辦霾 豭薹僥`
5580
`漆賅蝶 褐瞪 嬴楚 爾蝶僥`
438
`斜葡 陛瞼 顫橾`
8456
`橫菸曖 婦 陛煎蛔`
890
`霤曖 蜂纂`
24023
`煎攪蝶 - 該葬鎬腦晦`
30029
`爾辦勒 識憲`
22014
`問癱陛 戮鼻`
645