#PVF_File

`塭檜癒 孺萄塵`
8
`葬獐幗 棚`
22
`濛翮驕`
1
`孺萄塵`
3
`嬴檜蠱 羹`
179
`蝶醴萄 薯喻餌檜萄`
64
`傢翕驕`
2
`濰驕 奢晝`
82
`Ex-S 夥檜`
29
`警蝸 偃葭`
16
`葆鑄`
7
`G-18C 綵唸盟驕`
58
`FM-92 蝶橫 鬼`
160
`燮蝶檜觼`
4
`警蝸 葆鑄`
18
`G-35L 撰惜盟驕`
57
`繹骨驕 `
52
`萄憐`
5
`詩 萄憐 鬼`
214
`勒陛萄`
10
`陪餌`
9
`渦綰 勒觼`
51
`蘋賅塭鍬`
43
`僭葬 寥 橫鷗`
178
`溯檜盪 塭檜`
39
`FM-31 斜溯啻檜萄 楛籀`
38
`翱旎獎`
193
`棲敷`
6
`葬漸盪`
26
`蝶蝶 勒`
11
`檜翕餌問`
15
`M-137 偃葭勒`
12
`幗蝶攪 憐 鬼`
226
`M-3 膩寞餌晦`
13
`啻檜驕`
53
`曄濠 驕`
45
`煎瑪 瞪`
50
`夥漆~聽`
14
`警蝸 膩寞餌晦`
17
`觼煎蝶賅橫`
48
`警蝸 棲敷`
19
`錚蝶欐 檜橫`
20
`G-14 翮盟驕`
56
`RX-78 楠萄楝傘 鬼`
142
`煎爾蝶`
46
`鉻嬴纂晦`
34
`癱繫 葆蝶攪葬`
177
`葆奢 滲`
152
`醞晦 葆蝶攪葬`
21
`醞晦 棻瑞晦`
44
`葆徹睡罹`
191
`紫擒`
175
`葬獐幗 煎註`
23
`警蝸 萄憐`
24
`警蝸 夥漆~聽`
25
`RX-78 楠萄楝傘`
27
`警蝸 蓬顫檜橫 渠瞪離`
88
`Ez-8 蘋遴棻遴`
28
`褕曖 楠萄楝傘`
42
`擎驕`
30
`警蝸 燮蝶檜觼`
84
`鬼驕`
31
`蝶檜橫曖 陛避 骨褡 葆蝶攪葬`
61
`縑橫 蝶`
101
`避擠曖 衝`
66
`葬 贗楝纂`
32
`奢醞餌問`
33
`縑橫溯檜萄`
35
`膩 鬼顫`
36
`堅陝紫 蝸塭檜註`
37
`嘐塭贗 綠瞪`
62
`蓬顫檜橫 渠瞪離`
40
`醱瞪 溯檜盪 塭檜`
41
`塭檜癒憐`
47
`濰 驕璽`
49
`億塭檜 綺`
54
`溯檣盪曖 陛避 骨褡 葆蝶攪葬`
55
`詭蘋 萄照`
59
`等蝶 夥檜 葬獐幗`
60
`奢醞 瞪癱 詭蘋 : 蠱蝶攪`
63
`蝶歇 憮纂 嬴檜`
65
`G-14 翮盟驕 鬼`
155
`啪檜獐斜 纂`
67
`譆曖 癱雖`
68
`菽橡 葬醴`
69
`熱晦翕瞪渠 '綰楷 煎鍔'`
70
`X-1 櫛蝶瑞渦`
71
`詩 萄憐`
72
`楚衛 葆檣`
76
`議凱獐`
73
`緒艇 撩濰擊 嬪 褻樹`
201
`警蝸 議凱獐`
74
`FM-92 蝶橫`
75
`C4 錳問褻濛`
77
`棍 蝶釭檜`
78
`G-1 囀煎釭`
79
`楠蝶 : G-2 煤葭賬渦`
80
`楠蝶 : G-3 椰攪`
81
`蝶煎辦 饜葬`
83
`警蝸 寥蝶變`
170
`警蝸 塭檜癒憐`
85
`警蝸 孺萄塵`
86
`警蝸 盟驕`
87
`警蝸 溯檜盪 塭檜`
89
`警蝸 觼煎蝶賅橫`
90
`詭蘋棣曖 繭 骨褡 葆蝶攪葬`
91
`楛籀曖 醞骨 葆蝶攪葬`
92
`塭濘 C4`
102
`M-61 葆檣 `
103
`橡墊 詩 萄憐`
104
`Ez-10 蘋遴攪橫鷗`
105
`Ex-S 夥檜 Zero`
106
`煎 睡蝶攪`
107
`FM-92 蝶橫 SW `
108
`幗蝶攪 憐`
109
`萄憐 鬼`
140
`夥漆~聽 鬼`
141
`擎驕 鬼`
143
`勒陛萄 鬼`
144
`葬漸盪 鬼`
164
`棲敷 鬼`
145
`啻檜驕 鬼`
156
`M-3 膩寞餌晦 鬼`
146
`蓬顫檜橫 渠瞪離 鬼`
147
`煎瑪 瞪 鬼`
148
`G-1 囀煎釭 鬼`
149
`觼煎蝶賅橫 鬼`
150
`濰 驕璽 鬼`
151
`葆鑄 鬼`
153
`陪餌 鬼`
154
`Ez-8 蘋遴棻遴 鬼`
157
`蝶煎辦 饜葬 鬼`
158
`M-137 偃葭勒 鬼`
159
`寞霜`
182
`晦獄晦 熨溼 鬼`
161
`濛翮驕 鬼`
162
`傢翕驕 鬼`
163
`孺萄塵 鬼`
166
`塭檜癒憐 鬼`
167
`G-35L 撰惜盟驕 鬼`
223
`燮蝶檜觼 鬼`
168
`旎 骨褡 葆蝶攪葬`
196
`寥蝶變`
169
`警蝸 嬴檜蠱 癱繫`
171
`唳骨 葆蝶攪葬`
172
`醞骨 葆蝶攪葬`
173
`晦獄晦 熨溼`
174
`堅渠曖 晦橘`
176
`碳掉曖 曖雖`
180
`撮奢`
181
`晦啗`
183
``
184
`陛避 骨褡 葆蝶攪葬`
185
`模 檣 薯濛`
192
`僭葬 觼葬鏽 `
186
`繭 骨褡葆蝶攪葬`
187
`葆徹 觼葬鏽 `
188
`葆徹 寥 橫鷗`
189
`襬 蝶鼴註`
190
`羹 鼻薄 翮晦`
194
`儅貲溘 熨溼`
195
`鐘幗瞪`
197
`望萄 : 偃檣 棟溘 鼻`
200
`縑橫溯檜萄 鬼`
211
`檜翕餌問 鬼`
212
`渦綰 勒觼 鬼`
213
`溯檜盪 塭檜 鬼`
215
`X-1 櫛蝶瑞渦 鬼`
216
`楚衛 葆檣 鬼`
227
`議凱獐 鬼`
217
`膩 鬼顫 鬼`
218
`楠蝶 : G-2 煤葭賬渦 鬼`
219
`楠蝶 : G-3 椰攪 鬼`
220
`曄濠 驕 鬼`
221
`奢醞 瞪癱 詭蘋 : 蠱蝶攪 鬼`
222
`G-18C 綵唸盟驕 鬼`
224
`繹骨驕 鬼`
225
`C4 錳問褻濛 鬼`
228
`棍 蝶釭檜 鬼`
229
`夥檜 鬼`
230
`詭蘋 萄照 鬼`
231