#PVF_File

1
`Act1/Lorien.dgn`
2
`Act1/LorienInside.dgn`
3
`Act1/MirkWood.dgn`
4
`Act1/MirkWoodDeep.dgn`
5
`Act1/SunderLand.dgn`
6
`Act1/SunderLandPoison.dgn`
7
`Act1/GrakKarak.dgn`
8
`Act1/GrakKarakBurning.dgn`
9
`Act1/MirkWoodFrost.dgn`
11
`Act2/DraconianTower.dgn`
12
`Act2/Hallofdoll.dgn`
13
`Act2/GolemTower.dgn`
14
`Act2/DarkEntrance.dgn`
15
`Act2/PalaceOfLoad.dgn`
17
`Act2/FloatingCastle.dgn`
21
`Act3/OuterWall.dgn`
22
`Act3/Jungle.dgn`
23
`Act3/Darkhell.dgn`
24
`Act3/WhiteNight.dgn`
25
`Act3/1stBackbone.dgn`
26
`Act3/2ndBackbone.dgn`
27
`Act3/BloodHell.dgn`
31
`Act4/ShallowKeep.dgn`
32
`Act4/MarpissaLair.dgn`
33
`Act4/KingsRuins.dgn`
34
`Act4/MagmaCave.dgn`
35
`Act4/DarkelfCemetary.dgn`
36
`Act4/Underfoot.dgn`
37
`Act4/ShadowMaze.dgn`
40
`Act5/CharnakRidge.dgn`
41
`Act5/TheBoyWithColdheart.dgn`
42
`Act5/RicuCeiling.dgn`
43
`Act5/WhiteLand.dgn`
44
`Act5/IcePalace.dgn`
45
`Act5/ScasaLair.dgn`
50
`Act6/AstrayThief.dgn`
51
`Act6/VillageOfTemptation.dgn`
52
`Act6/DanceingButterfly.dgn`
53
`Act6/SuspiciousVillage.dgn`
60
`Village/CartelArad/Odesa.dgn`
61
`Village/CartelArad/Grozni.dgn`
62
`Impossible/GoblinKingdom.dgn`
63
`Impossible/ActiveSkyCastle.dgn`
64
`Impossible/RanjerusDogs.dgn`
65
`Impossible/bakalcastle.dgn`
66
`Impossible/Cosmofiend.dgn`
67
`Impossible/blackearth.dgn`
80
`Act7/OuterGent.dgn`
81
`Act7/GentEastGate.dgn`
82
`Act7/GentSouthGate.dgn`
83
`Act7/NightAssault.dgn`
84
`Act7/Supplycut.dgn`
85
`Act7/CounterAttack.dgn`
86
`Act8/pirateonthetrain.dgn`
87
`Act8/seatrainretaking.dgn`
88
`Act7/gentnorthgate.dgn`
89
`Act7/GentDefence.dgn`
100
`SouthernDale/Grimseeker.dgn`
140
`Village/MoonLightPub/Aganzo.dgn`
141
`Act5/Bwanga.dgn`
500
`quest/training.dgn`
501
`quest/captainscabin.dgn`
502
`quest/steelscales.dgn`
503
`quest/deadmoon.dgn`
504
`quest/middleocean.dgn`
505
`quest/training_striker.dgn`
506
`quest/deadmoon_avenger2.dgn`
507
`quest/training_asura.dgn`
508
`quest/training_weaponmaster.dgn`
509
`quest/deadmoon_summoner1.dgn`
510
`quest/deadmoon_summoner2.dgn`
511
`quest/training2.dgn`
512
`quest/deadmoon_elemental.dgn`
513
`quest/deadmoon_witch.dgn`
514
`quest/deadmoon_avenger1.dgn`
521
`quest/deadmoon_new.dgn`
1000
`Act1/SunderLandDark.dgn`
1500
`Ancient/Vilmark.dgn`
1501
`Ancient/ScreamingCave.dgn`
1502
`Ancient/Noirpera.dgn`
1504
`Ancient/GhostTrain.dgn`
1506
`Ancient/leshphon.dgn`
1507
`Ancient/cartelcommand.dgn`
2000
`WarRoom/Grenselos20-30.dgn`
2001
`WarRoom/Grenselos30-40.dgn`
2002
`WarRoom/Grenselos40-50.dgn`
2003
`WarRoom/Grenselos50-60.dgn`
2004
`WarRoom/Grenselos60-70.dgn`
10000
`Tutorial/Tutorial.dgn`
10001
`Tutorial/Tutorial_timegate.dgn`
10002
`Tutorial/Tutorial_timegate2.dgn`
11000
`Towers/TowerOfDeath.dgn`
11001
`Towers/TowerOfIllusion.dgn`
11006
`Towers/TowerOfBloodyFight4.dgn`
11007
`Towers/TowerOfUltimate.dgn`
11008
`Towers/ZTowerOfDespair001.dgn`
11009
`Towers/ZTowerOfDespair002.dgn`
11010
`Towers/ZTowerOfDespair003.dgn`
11011
`Towers/ZTowerOfDespair004.dgn`
11012
`Towers/ZTowerOfDespair005.dgn`
11013
`Towers/ZTowerOfDespair006.dgn`
11014
`Towers/ZTowerOfDespair007.dgn`
11015
`Towers/ZTowerOfDespair008.dgn`
11016
`Towers/ZTowerOfDespair009.dgn`
11017
`Towers/ZTowerOfDespair010.dgn`
11018
`Towers/ZTowerOfDespair011.dgn`
11019
`Towers/ZTowerOfDespair012.dgn`
11020
`Towers/ZTowerOfDespair013.dgn`
11021
`Towers/ZTowerOfDespair014.dgn`
11022
`Towers/ZTowerOfDespair015.dgn`
11023
`Towers/ZTowerOfDespair016.dgn`
11024
`Towers/ZTowerOfDespair017.dgn`
11025
`Towers/ZTowerOfDespair018.dgn`
11026
`Towers/ZTowerOfDespair019.dgn`
11027
`Towers/ZTowerOfDespair020.dgn`
11028
`Towers/ZTowerOfDespair021.dgn`
11029
`Towers/ZTowerOfDespair022.dgn`
11030
`Towers/ZTowerOfDespair023.dgn`
11031
`Towers/ZTowerOfDespair024.dgn`
11032
`Towers/ZTowerOfDespair025.dgn`
11033
`Towers/ZTowerOfDespair026.dgn`
11034
`Towers/ZTowerOfDespair027.dgn`
11035
`Towers/ZTowerOfDespair028.dgn`
11036
`Towers/ZTowerOfDespair029.dgn`
11037
`Towers/ZTowerOfDespair030.dgn`
11038
`Towers/ZTowerOfDespair031.dgn`
11039
`Towers/ZTowerOfDespair032.dgn`
11040
`Towers/ZTowerOfDespair033.dgn`
11041
`Towers/ZTowerOfDespair034.dgn`
11042
`Towers/ZTowerOfDespair035.dgn`
11043
`Towers/ZTowerOfDespair036.dgn`
11044
`Towers/ZTowerOfDespair037.dgn`
11045
`Towers/ZTowerOfDespair038.dgn`
11046
`Towers/ZTowerOfDespair039.dgn`
11047
`Towers/ZTowerOfDespair040.dgn`
11048
`Towers/ZTowerOfDespair041.dgn`
11049
`Towers/ZTowerOfDespair042.dgn`
11050
`Towers/ZTowerOfDespair043.dgn`
11051
`Towers/ZTowerOfDespair044.dgn`
11052
`Towers/ZTowerOfDespair045.dgn`
11053
`Towers/ZTowerOfDespair046.dgn`
11054
`Towers/ZTowerOfDespair047.dgn`
11055
`Towers/ZTowerOfDespair048.dgn`
11056
`Towers/ZTowerOfDespair049.dgn`
11057
`Towers/ZTowerOfDespair050.dgn`
11058
`Towers/ZTowerOfDespair051.dgn`
11059
`Towers/ZTowerOfDespair052.dgn`
11060
`Towers/ZTowerOfDespair053.dgn`
11061
`Towers/ZTowerOfDespair054.dgn`
11062
`Towers/ZTowerOfDespair055.dgn`
11063
`Towers/ZTowerOfDespair056.dgn`
11064
`Towers/ZTowerOfDespair057.dgn`
11065
`Towers/ZTowerOfDespair058.dgn`
11066
`Towers/ZTowerOfDespair059.dgn`
11067
`Towers/ZTowerOfDespair060.dgn`
11068
`Towers/ZTowerOfDespair061.dgn`
11069
`Towers/ZTowerOfDespair062.dgn`
11070
`Towers/ZTowerOfDespair063.dgn`
11071
`Towers/ZTowerOfDespair064.dgn`
11072
`Towers/ZTowerOfDespair065.dgn`
11073
`Towers/ZTowerOfDespair066.dgn`
11074
`Towers/ZTowerOfDespair067.dgn`
11075
`Towers/ZTowerOfDespair068.dgn`
11076
`Towers/ZTowerOfDespair069.dgn`
11077
`Towers/ZTowerOfDespair070.dgn`
11078
`Towers/ZTowerOfDespair071.dgn`
11079
`Towers/ZTowerOfDespair072.dgn`
11080
`Towers/ZTowerOfDespair073.dgn`
11081
`Towers/ZTowerOfDespair074.dgn`
11082
`Towers/ZTowerOfDespair075.dgn`
11083
`Towers/ZTowerOfDespair076.dgn`
11084
`Towers/ZTowerOfDespair077.dgn`
11085
`Towers/ZTowerOfDespair078.dgn`
11086
`Towers/ZTowerOfDespair079.dgn`
11087
`Towers/ZTowerOfDespair080.dgn`
11088
`Towers/ZTowerOfDespair081.dgn`
11089
`Towers/ZTowerOfDespair082.dgn`
11090
`Towers/ZTowerOfDespair083.dgn`
11091
`Towers/ZTowerOfDespair084.dgn`
11092
`Towers/ZTowerOfDespair085.dgn`
11093
`Towers/ZTowerOfDespair086.dgn`
11094
`Towers/ZTowerOfDespair087.dgn`
11095
`Towers/ZTowerOfDespair088.dgn`
11096
`Towers/ZTowerOfDespair089.dgn`
11097
`Towers/ZTowerOfDespair090.dgn`
11098
`Towers/ZTowerOfDespair091.dgn`
11099
`Towers/ZTowerOfDespair092.dgn`
11100
`Towers/ZTowerOfDespair093.dgn`
11101
`Towers/ZTowerOfDespair094.dgn`
11102
`Towers/ZTowerOfDespair095.dgn`
11103
`Towers/ZTowerOfDespair096.dgn`
11104
`Towers/ZTowerOfDespair097.dgn`
11105
`Towers/ZTowerOfDespair098.dgn`
11106
`Towers/ZTowerOfDespair099.dgn`
11107
`Towers/ZTowerOfDespair100.dgn`
110
`Village/Gbl/Gbl_BranchOfArad.dgn`
111
`Village/Gbl/Gbl_Laboratory.dgn`
112
`Village/Gbl/Gbl_Hatchery.dgn`
20000
`VillageAttack/Hendon_org_Easy.dgn`
20001
`VillageAttack/Hendon_org_Normal.dgn`
20002
`VillageAttack/Hendon_org_Hard.dgn`
20003
`VillageAttack/Hendon_org_Special.dgn`
20004
`VillageAttack/Hendon_City_Easy.dgn`
20005
`VillageAttack/Hendon_City_Normal.dgn`
20006
`VillageAttack/Hendon_City_Hard.dgn`
20007
`VillageAttack/Hendon_City_Special.dgn`
20008
`VillageAttack/Hendon_Auction_Easy.dgn`
20009
`VillageAttack/Hendon_Auction_Normal.dgn`
20010
`VillageAttack/Hendon_Auction_Hard.dgn`
20011
`VillageAttack/Hendon_Auction_Special.dgn`
20012
`VillageAttack/WestCoast_org_Easy.dgn`
20013
`VillageAttack/WestCoast_org_Normal.dgn`
20014
`VillageAttack/WestCoast_org_Hard.dgn`
20015
`VillageAttack/WestCoast_org_Special.dgn`
20016
`VillageAttack/WestCoast_Magic_Easy.dgn`
20017
`VillageAttack/WestCoast_Magic_Normal.dgn`
20018
`VillageAttack/WestCoast_Magic_Hard.dgn`
20019
`VillageAttack/WestCoast_Magic_Special.dgn`
20020
`VillageAttack/Hendon_org_Ultimate.dgn`
20021
`VillageAttack/Hendon_City_Ultimate.dgn`
20022
`VillageAttack/Hendon_Auction_Ultimate.dgn`
20023
`VillageAttack/WestCoast_org_Ultimate.dgn`
20024
`VillageAttack/WestCoast_Magic_Ultimate.dgn`
90
`Act3/Breeding.dgn`
91
`Act3/goddesstemple.dgn`
92
`Act8/haze.dgn`
93
`Act8/arden.dgn`
120
`Shonantournament/yellowdragon.dgn`
121
`Shonantournament/bluedragon.dgn`
3001
`Event/BlueMarble/3001.dgn`
3002
`Event/BlueMarble/3002.dgn`
3003
`Event/BlueMarble/3003.dgn`
3004
`Event/BlueMarble/3004.dgn`
3005
`Event/BlueMarble/3005.dgn`
3006
`Event/BlueMarble/3006.dgn`
3007
`Event/BlueMarble/3007.dgn`
3008
`Event/BlueMarble/3008.dgn`
3009
`Event/BlueMarble/3009.dgn`
3010
`Event/BlueMarble/3010.dgn`
3011
`Event/BlueMarble/3011.dgn`
3012
`Event/BlueMarble/3012.dgn`
3013
`Event/BlueMarble/3013.dgn`
3014
`Event/BlueMarble/3014.dgn`
3015
`Event/BlueMarble/3015.dgn`
3016
`Event/BlueMarble/3016.dgn`
3017
`Event/BlueMarble/3017.dgn`
3018
`Event/BlueMarble/3018.dgn`
3019
`Event/BlueMarble/3019.dgn`
3020
`Event/BlueMarble/3020.dgn`
3021
`Event/BlueMarble/3021.dgn`
3022
`Event/BlueMarble/3022.dgn`
3023
`Event/BlueMarble/3023.dgn`
3024
`Event/BlueMarble/3024.dgn`
3025
`Event/BlueMarble/3025.dgn`
3026
`Event/BlueMarble/3026.dgn`
3027
`Event/BlueMarble/3027.dgn`
3028
`Event/BlueMarble/3028.dgn`
3029
`Event/BlueMarble/3029.dgn`
3030
`Event/BlueMarble/3030.dgn`
3031
`Event/BlueMarble/3031.dgn`
3032
`Event/BlueMarble/3032.dgn`
3033
`Event/BlueMarble/3033.dgn`
3034
`Event/BlueMarble/3034.dgn`
3035
`Event/BlueMarble/3035.dgn`
3036
`Event/BlueMarble/3036.dgn`
3037
`Event/BlueMarble/3037.dgn`
3038
`Event/BlueMarble/3038.dgn`
3039
`Event/BlueMarble/3039.dgn`
3040
`Event/BlueMarble/3040.dgn`
3041
`Event/BlueMarble/3041.dgn`
3042
`Event/BlueMarble/3042.dgn`
3043
`Event/BlueMarble/3043.dgn`
3044
`Event/BlueMarble/3044.dgn`
3045
`Event/BlueMarble/3045.dgn`
3046
`Event/BlueMarble/Kick.dgn`
3047
`Event/BlueMarble/Aganzo.dgn`
3048
`Event/BlueMarble/Lorien.dgn`
3049
`Event/Dual/Dual_Raid.dgn`
3050
`Event/Dual/Dual_Raid_Boss.dgn`
3051
`Event/Dual/Dual_Raid_P.dgn`
3055
`Event/Race/DNFRider.dgn`
3506
`GlobalTutorial/GlobalTutorial.dgn`
3505
`Towers/towerofboss.dgn`
3500
`towers/chn_event_01.dgn`
3501
`towers/chn_event_02.dgn`
3502
`towers/chn_event_03.dgn`
3511
`AdvanceAltar/AdvanceAltar_stage_01.dgn`
3512
`AdvanceAltar/AdvanceAltar_stage_02.dgn`
3513
`AdvanceAltar/AdvanceAltar_stage_03.dgn`
3514
`AdvanceAltar/AdvanceAltar_stage_04.dgn`
3515
`AdvanceAltar/AdvanceAltar_stage_05.dgn`
3516
`AdvanceAltar/AdvanceAltar_stage_06.dgn`
3517
`AdvanceAltar/AdvanceAltar_stage_07.dgn`
3518
`AdvanceAltar/AdvanceAltar_stage_08.dgn`
3519
`AdvanceAltar/AdvanceAltar_stage_09.dgn`
3520
`AdvanceAltar/AdvanceAltar_stage_10.dgn`
3521
`AdvanceAltar/AdvanceAltar_stage_11.dgn`
3522
`AdvanceAltar/AdvanceAltar_stage_12.dgn`
3523
`AdvanceAltar/AdvanceAltar_survival_01.dgn`
3700
`tau_kingdom/tau_kingdom.dgn`
70
`timegate/conflagration.dgn`
71
`timegate/epidemic.dgn`
72
`timegate/formacartel.dgn`
73
`timegate/Black_church.dgn`
74
`timegate/TopSecretArea.dgn`
75
`timegate/OldScreamingCave.dgn`
76
`timegate/beginning.dgn`
77
`timegate/consciousness.dgn`
4123
`Event/chn_dayof_goldsilver_Dungeon/chn_dayof_goldsilver_Dungeon.dgn`
3600
`towers/sao/sao_towerofdespair001.dgn`
3602
`towers/sao/sao_towerofdespair002.dgn`
3603
`towers/sao/sao_towerofdespair003.dgn`
3604
`towers/sao/sao_towerofdespair004.dgn`
3605
`towers/sao/sao_towerofdespair005.dgn`
3606
`towers/sao/sao_towerofdespair006.dgn`
3607
`towers/sao/sao_towerofdespair007.dgn`
3608
`towers/sao/sao_towerofdespair008.dgn`
3609
`towers/sao/sao_towerofdespair009.dgn`
3610
`towers/sao/sao_towerofdespair010.dgn`
3611
`towers/sao/sao_towerofdespair011.dgn`
3612
`towers/sao/sao_towerofdespair012.dgn`
3613
`towers/sao/sao_towerofdespair013.dgn`
3614
`towers/sao/sao_towerofdespair014.dgn`
3615
`towers/sao/sao_towerofdespair015.dgn`
3616
`towers/sao/sao_towerofdespair016.dgn`
3617
`towers/sao/sao_towerofdespair017.dgn`
3618
`towers/sao/sao_towerofdespair018.dgn`
3619
`towers/sao/sao_towerofdespair019.dgn`
3620
`towers/sao/sao_towerofdespair020.dgn`
3621
`towers/sao/sao_towerofdespair021.dgn`
3622
`towers/sao/sao_towerofdespair022.dgn`
3623
`towers/sao/sao_towerofdespair023.dgn`
3624
`towers/sao/sao_towerofdespair024.dgn`
3625
`towers/sao/sao_towerofdespair025.dgn`
3626
`towers/sao/sao_towerofdespair026.dgn`
3627
`towers/sao/sao_towerofdespair027.dgn`
3628
`towers/sao/sao_towerofdespair028.dgn`
3629
`towers/sao/sao_towerofdespair029.dgn`
3630
`towers/sao/sao_towerofdespair030.dgn`
3631
`towers/sao/sao_towerofdespair031.dgn`
3632
`towers/sao/sao_towerofdespair032.dgn`
3633
`towers/sao/sao_towerofdespair033.dgn`
3634
`towers/sao/sao_towerofdespair034.dgn`
3635
`towers/sao/sao_towerofdespair035.dgn`
3636
`towers/sao/sao_towerofdespair036.dgn`
3637
`towers/sao/sao_towerofdespair037.dgn`
3638
`towers/sao/sao_towerofdespair038.dgn`
3639
`towers/sao/sao_towerofdespair039.dgn`
3640
`towers/sao/sao_towerofdespair040.dgn`
3641
`towers/sao/sao_towerofdespair041.dgn`
3642
`towers/sao/sao_towerofdespair042.dgn`
3643
`towers/sao/sao_towerofdespair043.dgn`
3644
`towers/sao/sao_towerofdespair044.dgn`
3645
`towers/sao/sao_towerofdespair045.dgn`
3646
`towers/sao/sao_towerofdespair046.dgn`
3647
`towers/sao/sao_towerofdespair047.dgn`
3648
`towers/sao/sao_towerofdespair048.dgn`
3649
`towers/sao/sao_towerofdespair049.dgn`
3650
`towers/sao/sao_towerofdespair050.dgn`
3651
`towers/sao/sao_towerofdespair051.dgn`
3652
`towers/sao/sao_towerofdespair052.dgn`
3653
`towers/sao/sao_towerofdespair053.dgn`
3654
`towers/sao/sao_towerofdespair054.dgn`
3655
`towers/sao/sao_towerofdespair055.dgn`
3656
`towers/sao/sao_towerofdespair056.dgn`
3657
`towers/sao/sao_towerofdespair057.dgn`
3658
`towers/sao/sao_towerofdespair058.dgn`
3659
`towers/sao/sao_towerofdespair059.dgn`
3660
`towers/sao/sao_towerofdespair060.dgn`
3661
`towers/sao/sao_towerofdespair061.dgn`
3662
`towers/sao/sao_towerofdespair062.dgn`
3663
`towers/sao/sao_towerofdespair063.dgn`
3664
`towers/sao/sao_towerofdespair064.dgn`
3665
`towers/sao/sao_towerofdespair065.dgn`
3666
`towers/sao/sao_towerofdespair066.dgn`
3667
`towers/sao/sao_towerofdespair067.dgn`
3668
`towers/sao/sao_towerofdespair068.dgn`
3669
`towers/sao/sao_towerofdespair069.dgn`
3670
`towers/sao/sao_towerofdespair070.dgn`
3671
`towers/sao/sao_towerofdespair071.dgn`
3672
`towers/sao/sao_towerofdespair072.dgn`
3673
`towers/sao/sao_towerofdespair073.dgn`
3674
`towers/sao/sao_towerofdespair074.dgn`
3675
`towers/sao/sao_towerofdespair075.dgn`
3676
`towers/sao/sao_towerofdespair076.dgn`
3677
`towers/sao/sao_towerofdespair077.dgn`
3678
`towers/sao/sao_towerofdespair078.dgn`
3679
`towers/sao/sao_towerofdespair079.dgn`
3680
`towers/sao/sao_towerofdespair080.dgn`
3681
`towers/sao/sao_towerofdespair081.dgn`
3682
`towers/sao/sao_towerofdespair082.dgn`
3683
`towers/sao/sao_towerofdespair083.dgn`
3684
`towers/sao/sao_towerofdespair084.dgn`
3685
`towers/sao/sao_towerofdespair085.dgn`
3686
`towers/sao/sao_towerofdespair086.dgn`
3687
`towers/sao/sao_towerofdespair087.dgn`
3688
`towers/sao/sao_towerofdespair088.dgn`
3689
`towers/sao/sao_towerofdespair089.dgn`
3690
`towers/sao/sao_towerofdespair090.dgn`
3691
`towers/sao/sao_towerofdespair091.dgn`
3692
`towers/sao/sao_towerofdespair092.dgn`
3693
`towers/sao/sao_towerofdespair093.dgn`
3694
`towers/sao/sao_towerofdespair094.dgn`
3695
`towers/sao/sao_towerofdespair095.dgn`
3696
`towers/sao/sao_towerofdespair096.dgn`
3697
`towers/sao/sao_towerofdespair097.dgn`
3698
`towers/sao/sao_towerofdespair098.dgn`
3699
`towers/sao/sao_towerofdespair099.dgn`
7700
`towers/sao/sao_towerofdespair100.dgn`
3901
`act3/sao_system.dgn`
3902
`Act3/sao_enter.dgn`
515
`quest/timegate.dgn`
516
`quest/fairyforest.dgn`
517
`quest/lawlessdistrict.dgn`
518
`quest/tangledtimegate.dgn`
519
`quest/iristime.dgn`
520
`quest/irisconsciousness.dgn`
522
`quest/Energyisolator.dgn`