#PVF_File

1
`Act1/Lorien.dgn`
2
`Act1/LorienInside.dgn`
3
`Act1/MirkWood.dgn`
4
`Act1/MirkWoodDeep.dgn`
5
`Act1/SunderLand.dgn`
6
`Act1/SunderLandPoison.dgn`
7
`Act1/GrakKarak.dgn`
8
`Act1/GrakKarakBurning.dgn`
9
`Act1/MirkWoodFrost.dgn`
11
`Act2/AmonLow.dgn`
12
`Act2/AmonHigh.dgn`
13
`Act2/SepaLow.dgn`
14
`Act2/SepaHigh.dgn`
15
`Act2/OceanLow.dgn`
16
`Act2/OceanHigh.dgn`
17
`Act2/FloatingCastle.dgn`
21
`Act3/OuterWall.dgn`
22
`Act3/Jungle.dgn`
23
`Act3/Darkhell.dgn`
24
`Act3/WhiteNight.dgn`
25
`Act3/1stBackbone.dgn`
26
`Act3/2ndBackbone.dgn`
31
`Act4/ShallowKeep.dgn`
32
`Act4/MarpissaLair.dgn`
33
`Act4/KingsRuins.dgn`
34
`Act4/MagmaCave.dgn`
1000
`Act1/SunderLandDark.dgn`
2000
`WarRoom/Grenselos20-30.dgn`
2001
`WarRoom/Grenselos30-40.dgn`
2002
`WarRoom/Grenselos40-50.dgn`