#PVF_File

1
`Lorien/s0.map`
2
`Lorien/s1.map`
3
`Lorien/s2.map`
4
`Lorien/s3.map`
5
`Lorien/4.map`
6
`Lorien/6.map`
7
`Lorien/7.map`
8
`Lorien/8.map`
9
`Lorien/9.map`
10
`Lorien/bn10.map`
11
`Lorien/bn11.map`
12
`Lorien/bn12.map`
13
`Lorien/b1.map`
14
`Lorien/b2.map`
15
`Lorien/b3.map`
16
`Lorien/5.map`
101
`Lorien/s101.map`
102
`Lorien/s102.map`
103
`Lorien/s103.map`
104
`Lorien/104.map`
105
`Lorien/105.map`
106
`Lorien/106.map`
107
`Lorien/107.map`
108
`Lorien/108.map`
109
`Lorien/109.map`
110
`Lorien/110.map`
111
`Lorien/111.map`
112
`Lorien/112.map`
113
`Lorien/113.map`
114
`Lorien/bn114.map`
115
`Lorien/bn115.map`
116
`Lorien/bn116.map`
117
`Lorien/b101.map`
118
`Lorien/b102.map`
119
`Lorien/b103.map`
201
`Mirkwood/s201.map`
202
`Mirkwood/s202.map`
203
`Mirkwood/202.map`
204
`Mirkwood/203.map`
205
`Mirkwood/204.map`
206
`Mirkwood/205.map`
207
`Mirkwood/207.map`
208
`Mirkwood/208.map`
209
`Mirkwood/209.map`
210
`Mirkwood/210.map`
211
`Mirkwood/211.map`
212
`Mirkwood/212.map`
213
`Mirkwood/213.map`
214
`Mirkwood/214.map`
215
`Mirkwood/215.map`
216
`Mirkwood/216.map`
217
`Mirkwood/218.map`
218
`Mirkwood/219.map`
219
`Mirkwood/221.map`
220
`Mirkwood/222.map`
221
`Mirkwood/b201.map`
222
`Mirkwood/b202.map`
223
`Mirkwood/s203.map`
224
`Mirkwood/s204.map`
225
`Mirkwood/e201.map`
226
`Mirkwood/e202.map`
227
`Mirkwood/e203.map`
228
`Mirkwood/e204.map`
229
`Mirkwood/n201.map`
230
`Mirkwood/n202.map`
231
`Mirkwood/n203.map`
232
`Mirkwood/n204.map`
233
`Mirkwood/n205.map`
234
`Mirkwood/n206.map`
235
`Mirkwood/n207.map`
236
`Mirkwood/n208.map`
237
`Mirkwood/n209.map`
238
`Mirkwood/h201.map`
239
`Mirkwood/b203.map`
240
`Mirkwood/b204.map`
401
`Mirkwood/s401.map`
402
`Mirkwood/402.map`
403
`Mirkwood/403.map`
404
`Mirkwood/s404.map`
405
`Mirkwood/405.map`
406
`Mirkwood/406.map`
407
`Mirkwood/407.map`
408
`Mirkwood/408.map`
409
`Mirkwood/409.map`
410
`Mirkwood/410.map`
411
`Mirkwood/411.map`
412
`Mirkwood/412.map`
413
`Mirkwood/413.map`
414
`Mirkwood/414.map`
415
`Mirkwood/415.map`
416
`Mirkwood/416.map`
417
`Mirkwood/417.map`
418
`Mirkwood/418.map`
419
`Mirkwood/419.map`
420
`Mirkwood/420.map`
421
`Mirkwood/421.map`
422
`Mirkwood/422.map`
423
`Mirkwood/423.map`
424
`Mirkwood/424.map`
425
`Mirkwood/425.map`
426
`Mirkwood/426.map`
427
`Mirkwood/b413.map`
428
`Mirkwood/b416.map`
429
`Mirkwood/s407(4,0).map`
430
`Mirkwood/s419(0,3).map`
431
`Mirkwood/s425(4,3).map`
432
`Mirkwood/e403(1,0).map`
433
`Mirkwood/e409(3,0).map`
434
`Mirkwood/e421(1,3).map`
435
`Mirkwood/e427(3,3).map`
436
`Mirkwood/n404(1,0).map`
437
`Mirkwood/n405(1,1).map`
438
`Mirkwood/n406(1,1).map`
439
`Mirkwood/n410(3,0).map`
440
`Mirkwood/n411(2,0).map`
441
`Mirkwood/n412(2,0).map`
442
`Mirkwood/n413(2,1).map`
443
`Mirkwood/n414(2,1).map`
444
`Mirkwood/n415(2,1).map`
445
`Mirkwood/n422(1,3).map`
446
`Mirkwood/n423(2,3).map`
447
`Mirkwood/n424(2,3).map`
448
`Mirkwood/n428(3,3).map`
449
`Mirkwood/n429(3,2).map`
450
`Mirkwood/n430(3,2).map`
451
`Mirkwood/n431(2,2).map`
452
`Mirkwood/n432(2,2).map`
453
`Mirkwood/n433(2,2).map`
454
`Mirkwood/h402(0,0).map`
455
`Mirkwood/h408(4,0).map`
456
`Mirkwood/h416(3,1).map`
457
`Mirkwood/h418(4,1).map`
458
`Mirkwood/h420(0,3).map`
459
`Mirkwood/h426(4,3).map`
460
`Mirkwood/h434(1,2).map`
461
`Mirkwood/h436(0,2).map`
462
`Mirkwood/b417(4,1).map`
463
`Mirkwood/b435(0,2).map`
601
`Sunderland/s601.map`
602
`Sunderland/s602.map`
603
`Sunderland/e601.map`
604
`Sunderland/e602.map`
605
`Sunderland/e603.map`
606
`Sunderland/e604.map`
607
`Sunderland/n601.map`
608
`Sunderland/n602.map`
609
`Sunderland/n603.map`
610
`Sunderland/n604.map`
611
`Sunderland/n605.map`
612
`Sunderland/h601.map`
613
`Sunderland/h602.map`
614
`Sunderland/h603.map`
615
`Sunderland/h604.map`
616
`Sunderland/h605.map`
617
`Sunderland/h606.map`
618
`Sunderland/b601.map`
619
`Sunderland/b602.map`
801
`Sunderland/s801.map`
802
`Sunderland/802.map`
803
`Sunderland/803.map`
804
`Sunderland/804.map`
805
`Sunderland/805.map`
806
`Sunderland/s806.map`
807
`Sunderland/807.map`
808
`Sunderland/808.map`
809
`Sunderland/809.map`
810
`Sunderland/810.map`
811
`Sunderland/811.map`
812
`Sunderland/812.map`
813
`Sunderland/b801.map`
814
`Sunderland/s814.map`
815
`Sunderland/815.map`
816
`Sunderland/816.map`
817
`Sunderland/817.map`
818
`Sunderland/s818.map`
819
`Sunderland/819.map`
820
`Sunderland/820.map`
821
`Sunderland/821.map`
822
`Sunderland/822.map`
823
`Sunderland/823.map`
824
`Sunderland/b802.map`
825
`Sunderland/825.map`
826
`Sunderland/826.map`
827
`Sunderland/827.map`
828
`Sunderland/828.map`
829
`Sunderland/829.map`
830
`Sunderland/830.map`
831
`Sunderland/831.map`
832
`Sunderland/832.map`
833
`Sunderland/833.map`
834
`Sunderland/834.map`
835
`Sunderland/835.map`
836
`Sunderland/836.map`
837
`Sunderland/837.map`
838
`Sunderland/838.map`
839
`Sunderland/839.map`
840
`Sunderland/840.map`
841
`Sunderland/841.map`
842
`Sunderland/842.map`
843
`Sunderland/843.map`
844
`Sunderland/844.map`
845
`Sunderland/845.map`
846
`Sunderland/846.map`
847
`Sunderland/847.map`
848
`Sunderland/848.map`
849
`Sunderland/s801(1,0).map`
850
`Sunderland/s815(0,2).map`
851
`Sunderland/e803(2,0).map`
852
`Sunderland/e817(1,2).map`
853
`Sunderland/n802(1,0).map`
854
`Sunderland/n804(2,0).map`
855
`Sunderland/n805(3,0).map`
856
`Sunderland/n806(3,0).map`
857
`Sunderland/n807(3,1).map`
858
`Sunderland/n808(3,1).map`
859
`Sunderland/n809(2,1).map`
860
`Sunderland/n816(0,2).map`
861
`Sunderland/n818(1,2).map`
862
`Sunderland/n819(1,3).map`
863
`Sunderland/n820(1,3).map`
864
`Sunderland/n821(2,3).map`
865
`Sunderland/n822(2,3).map`
866
`Sunderland/n823(3,3).map`
867
`Sunderland/n824(3,3).map`
868
`Sunderland/h810(4,1).map`
869
`Sunderland/h811(4,1).map`
870
`Sunderland/h812(4,0).map`
871
`Sunderland/h814(5,1).map`
872
`Sunderland/h825(3,2).map`
873
`Sunderland/h826(3,2).map`
874
`Sunderland/h828(2,2).map`
875
`Sunderland/h829(4,2).map`
876
`Sunderland/h830(4,2).map`
877
`Sunderland/h832(4,3).map`
878
`Sunderland/b813(5,1).map`
879
`Sunderland/b827(2,2).map`
880
`Sunderland/b831(4,3).map`
1001
`GrakKarak/s1001.map`
1002
`GrakKarak/s1002.map`
1003
`GrakKarak/s1003.map`
1004
`GrakKarak/1002.map`
1005
`GrakKarak/1003.map`
1006
`GrakKarak/1004.map`
1007
`GrakKarak/1005.map`
1008
`GrakKarak/1006.map`
1009
`GrakKarak/1009.map`
1010
`GrakKarak/1010.map`
1011
`GrakKarak/1011.map`
1012
`GrakKarak/1012.map`
1013
`GrakKarak/1013.map`
1014
`GrakKarak/1014.map`
1015
`GrakKarak/1016.map`
1016
`GrakKarak/1017.map`
1017
`GrakKarak/1018.map`
1018
`GrakKarak/1019.map`
1019
`GrakKarak/1020.map`
1020
`GrakKarak/1023.map`
1021
`GrakKarak/1024.map`
1022
`GrakKarak/1025.map`
1023
`GrakKarak/1026.map`
1024
`GrakKarak/1027.map`
1025
`GrakKarak/1028.map`
1026
`GrakKarak/1029.map`
1027
`GrakKarak/b1001.map`
1028
`GrakKarak/b1002.map`
1029
`GrakKarak/b1003.map`
1030
`GrakKarak/b1004.map`
1031
`GrakKarak/b1005.map`
1201
`GrakKarak/s1201.map`
1202
`GrakKarak/s1202.map`
1203
`GrakKarak/s1203.map`
1204
`GrakKarak/s1204.map`
1205
`GrakKarak/1202.map`
1206
`GrakKarak/1203.map`
1207
`GrakKarak/1204.map`
1208
`GrakKarak/1205.map`
1209
`GrakKarak/1206.map`
1210
`GrakKarak/1207.map`
1211
`GrakKarak/1209.map`
1212
`GrakKarak/1210.map`
1213
`GrakKarak/1211.map`
1214
`GrakKarak/1212.map`
1215
`GrakKarak/1213.map`
1216
`GrakKarak/1214.map`
1217
`GrakKarak/1215.map`
1218
`GrakKarak/1216.map`
1219
`GrakKarak/1217.map`
1220
`GrakKarak/1218.map`
1221
`GrakKarak/1219.map`
1222
`GrakKarak/1220.map`
1223
`GrakKarak/1222.map`
1224
`GrakKarak/1224.map`
1225
`GrakKarak/1226.map`
1226
`GrakKarak/1227.map`
1227
`GrakKarak/1228.map`
1228
`GrakKarak/1229.map`
1229
`GrakKarak/1230.map`
1230
`GrakKarak/1231.map`
1231
`GrakKarak/1233.map`
1232
`GrakKarak/1234.map`
1233
`GrakKarak/1235.map`
1234
`GrakKarak/1236.map`
1235
`GrakKarak/1237.map`
1236
`GrakKarak/1238.map`
1237
`GrakKarak/1239.map`
1238
`GrakKarak/1240.map`
1239
`GrakKarak/1241.map`
1240
`GrakKarak/1242.map`
1241
`GrakKarak/1243.map`
1242
`GrakKarak/1244.map`
1243
`GrakKarak/1246.map`
1244
`GrakKarak/1248.map`
1245
`GrakKarak/b1201.map`
1246
`GrakKarak/b1202.map`
1247
`GrakKarak/b1203.map`
1248
`GrakKarak/b1204.map`
1401
`Mirkwood/s1401.map`
1402
`Mirkwood/s1402.map`
1403
`Mirkwood/e1401.map`
1404
`Mirkwood/e1402.map`
1405
`Mirkwood/n1401.map`
1406
`Mirkwood/n1402.map`
1407
`Mirkwood/n1403.map`
1408
`Mirkwood/n1404.map`
1409
`Mirkwood/n1405.map`
1410
`Mirkwood/n1406.map`
1411
`Mirkwood/h1401.map`
1412
`Mirkwood/h1402.map`
1413
`Mirkwood/h1403.map`
1414
`Mirkwood/h1404.map`
1415
`Mirkwood/h1405.map`
1416
`Mirkwood/h1406.map`
1417
`Mirkwood/h1407.map`
1418
`Mirkwood/b1401.map`
1419
`Mirkwood/b1402.map`
1601
`Amon/s1601.map`
1602
`Amon/s1616.map`
1603
`Amon/s1620.map`
1604
`Amon/e1602.map`
1605
`Amon/e1603.map`
1606
`Amon/e1604.map`
1607
`Amon/e1615.map`
1608
`Amon/e1619.map`
1609
`Amon/n1605.map`
1610
`Amon/n1607.map`
1611
`Amon/n1610.map`
1612
`Amon/n1611.map`
1613
`Amon/n1612.map`
1614
`Amon/n1613.map`
1615
`Amon/n1614.map`
1616
`Amon/n1617.map`
1617
`Amon/n1621.map`
1618
`Amon/n1622.map`
1619
`Amon/n1623.map`
1620
`Amon/n1624.map`
1621
`Amon/n1625.map`
1622
`Amon/n1626.map`
1623
`Amon/n1627.map`
1624
`Amon/h1618.map`
1625
`Amon/h1628.map`
1626
`Amon/b1606.map`
1627
`Amon/b1608.map`
1628
`Amon/b1609.map`
1629
`Amon/n1606.map`
1801
`Amon/s1801.map`
1802
`Amon/s1809.map`
1803
`Amon/e1802.map`
1804
`Amon/e1803.map`
1805
`Amon/e1804.map`
1806
`Amon/e1810.map`
1807
`Amon/e1811.map`
1808
`Amon/e1812.map`
1809
`Amon/e1815.map`
1810
`Amon/n1805.map`
1811
`Amon/n1806.map`
1812
`Amon/n1807.map`
1813
`Amon/n1808.map`
1814
`Amon/n1813.map`
1815
`Amon/n1814.map`
1816
`Amon/n1816.map`
1817
`Amon/n1817.map`
1818
`Amon/n1818.map`
1819
`Amon/n1819.map`
1820
`Amon/n1825.map`
1821
`Amon/n1826.map`
1822
`Amon/h1820.map`
1823
`Amon/h1821.map`
1824
`Amon/h1822.map`
1825
`Amon/h1824.map`
1826
`Amon/h1827.map`
1827
`Amon/h1828.map`
1828
`Amon/h1829.map`
1829
`Amon/h1831.map`
1830
`Amon/b1823.map`
1831
`Amon/b1830.map`
1832
`Amon/q1801.map`
2001
`Sepa/s2001.map`
2002
`Sepa/s2002.map`
2003
`Sepa/s2003.map`
2004
`Sepa/e2001.map`
2005
`Sepa/e2002.map`
2006
`Sepa/e2003.map`
2007
`Sepa/n2001.map`
2008
`Sepa/n2002.map`
2009
`Sepa/n2003.map`
2010
`Sepa/n2004.map`
2011
`Sepa/n2005.map`
2012
`Sepa/n2006.map`
2013
`Sepa/n2007.map`
2014
`Sepa/n2008.map`
2015
`Sepa/n2009.map`
2016
`Sepa/n2010.map`
2017
`Sepa/n2011.map`
2018
`Sepa/n2012.map`
2019
`Sepa/n2013.map`
2020
`Sepa/n2014.map`
2021
`Sepa/n2015.map`
2022
`Sepa/h2001.map`
2023
`Sepa/h2002.map`
2024
`Sepa/h2003.map`
2025
`Sepa/h2004.map`
2026
`Sepa/h2005.map`
2027
`Sepa/b2001.map`
2028
`Sepa/b2002.map`
2029
`Sepa/h2006.map`
2201
`Sepa/s2201.map`
2202
`Sepa/s2202.map`
2203
`Sepa/e2201.map`
2204
`Sepa/e2202.map`
2205
`Sepa/n2201.map`
2206
`Sepa/n2202.map`
2207
`Sepa/n2203.map`
2208
`Sepa/n2204.map`
2209
`Sepa/n2205.map`
2210
`Sepa/n2206.map`
2211
`Sepa/n2207.map`
2212
`Sepa/n2208.map`
2213
`Sepa/n2209.map`
2214
`Sepa/n2210.map`
2215
`Sepa/n2211.map`
2216
`Sepa/n2212.map`
2217
`Sepa/n2213.map`
2218
`Sepa/n2214.map`
2219
`Sepa/n2215.map`
2220
`Sepa/h2201.map`
2221
`Sepa/b2201.map`
2222
`Sepa/b2202.map`
2223
`Sepa/b2203.map`
2224
`Sepa/q2201.map`
2401
`Ocean/s2401.map`
2402
`Ocean/s2402.map`
2403
`Ocean/s2403.map`
2404
`Ocean/s2404.map`
2405
`Ocean/e2401.map`
2406
`Ocean/e2402.map`
2407
`Ocean/e2403.map`
2408
`Ocean/e2404.map`
2409
`Ocean/n2401.map`
2410
`Ocean/n2402.map`
2411
`Ocean/n2403.map`
2413
`Ocean/n2405.map`
2414
`Ocean/n2406.map`
2415
`Ocean/n2407.map`
2416
`Ocean/n2408.map`
2417
`Ocean/n2409.map`
2418
`Ocean/n2410.map`
2419
`Ocean/n2411.map`
2420
`Ocean/n2412.map`
2421
`Ocean/n2413.map`
2422
`Ocean/n2414.map`
2423
`Ocean/n2415.map`
2424
`Ocean/n2416.map`
2425
`Ocean/n2417.map`
2426
`Ocean/n2418.map`
2427
`Ocean/n2419.map`
2428
`Ocean/n2420.map`
2429
`Ocean/n2421.map`
2430
`Ocean/n2422.map`
2431
`Ocean/n2423.map`
2432
`Ocean/n2424.map`
2433
`Ocean/n2425.map`
2434
`Ocean/n2426.map`
2435
`Ocean/n2427.map`
2436
`Ocean/n2428.map`
2437
`Ocean/n2429.map`
2438
`Ocean/n2430.map`
2439
`Ocean/h2401.map`
2440
`Ocean/h2402.map`
2441
`Ocean/h2403.map`
2442
`Ocean/h2404.map`
2443
`Ocean/h2405.map`
2444
`Ocean/h2406.map`
2445
`Ocean/h2407.map`
2446
`Ocean/h2408.map`
2447
`Ocean/h2409.map`
2448
`Ocean/b2401.map`
2449
`Ocean/b2402.map`
2601
`Ocean/s2601.map`
2602
`Ocean/s2602.map`
2603
`Ocean/s2603.map`
2604
`Ocean/e2601.map`
2606
`Ocean/e2603.map`
2608
`Ocean/n2601.map`
2609
`Ocean/n2602.map`
2610
`Ocean/n2603.map`
2611
`Ocean/n2604.map`
2612
`Ocean/n2605.map`
2613
`Ocean/n2606.map`
2614
`Ocean/n2607.map`
2615
`Ocean/n2608.map`
2616
`Ocean/n2609.map`
2617
`Ocean/n2610.map`
2618
`Ocean/n2611.map`
2619
`Ocean/n2612.map`
2620
`Ocean/n2613.map`
2621
`Ocean/n2614.map`
2622
`Ocean/n2615.map`
2624
`Ocean/n2617.map`
2625
`Ocean/n2618.map`
2626
`Ocean/n2619.map`
2627
`Ocean/n2620.map`
2628
`Ocean/n2621.map`
2630
`Ocean/n2623.map`
2633
`Ocean/n2626.map`
2634
`Ocean/n2627.map`
2635
`Ocean/n2628.map`
2636
`Ocean/n2629.map`
2641
`Ocean/h2601.map`
2642
`Ocean/h2602.map`
2643
`Ocean/h2603.map`
2644
`Ocean/h2604.map`
2645
`Ocean/h2605.map`
2646
`Ocean/h2606.map`
2647
`Ocean/h2607.map`
2648
`Ocean/b2601.map`
2649
`Ocean/b2602.map`
2650
`Ocean/b2603.map`
2801
`Sunderland/s2801.map`
2802
`Sunderland/s2802.map`
2803
`Sunderland/n2801.map`
2804
`Sunderland/n2802.map`
2805
`Sunderland/n2803.map`
2806
`Sunderland/n2804.map`
2807
`Sunderland/n2805.map`
2808
`Sunderland/h2801.map`
2809
`Sunderland/h2802.map`
2810
`Sunderland/h2803.map`
2811
`Sunderland/h2804.map`
2812
`Sunderland/h2805.map`
2813
`Sunderland/h2806.map`
2814
`Sunderland/h2807.map`
2815
`Sunderland/h2808.map`
2816
`Sunderland/h2809.map`
2817
`Sunderland/h2810.map`
2818
`Sunderland/h2811.map`
2819
`Sunderland/h2812.map`
2820
`Sunderland/h2813.map`
2821
`Sunderland/h2814.map`
2822
`Sunderland/h2815.map`
2823
`Sunderland/h2816.map`
2824
`Sunderland/h2817.map`
2825
`Sunderland/h2818.map`
2827
`Sunderland/b2801.map`
2828
`Sunderland/b2802.map`
3001
`OuterWall/s3001.map`
3002
`OuterWall/s3002.map`
3003
`OuterWall/e3001.map`
3004
`OuterWall/e3002.map`
3005
`OuterWall/n3001.map`
3006
`OuterWall/n3002.map`
3007
`OuterWall/n3003.map`
3008
`OuterWall/n3004.map`
3009
`OuterWall/n3005.map`
3010
`OuterWall/n3006.map`
3011
`OuterWall/n3007.map`
3012
`OuterWall/n3008.map`
3013
`OuterWall/n3009.map`
3014
`OuterWall/n3010.map`
3015
`OuterWall/n3011.map`
3016
`OuterWall/n3012.map`
3017
`OuterWall/n3013.map`
3018
`OuterWall/n3014.map`
3019
`OuterWall/h3001.map`
3020
`OuterWall/h3002.map`
3021
`OuterWall/h3003.map`
3022
`OuterWall/b3001.map`
3023
`OuterWall/b3002.map`
3024
`OuterWall/b3003.map`
3025
`OuterWall/q3001.map`
3201
`Jungle/s3201(1,3).map`
3202
`Jungle/s3202(2,3).map`
3203
`Jungle/e3201(1,3).map`
3204
`Jungle/e3202(1,3).map`
3205
`Jungle/e3203(1,2).map`
3206
`Jungle/e3204(1,2).map`
3207
`Jungle/e3205(1,2).map`
3208
`Jungle/e3206(2,3).map`
3209
`Jungle/e3207(2,3).map`
3210
`Jungle/e3208(2,2).map`
3211
`Jungle/e3209(2,2).map`
3212
`Jungle/e3210(2,2).map`
3213
`Jungle/e3211(1,4).map`
3214
`Jungle/e3212(1,4).map`
3215
`Jungle/e3213(1,4).map`
3216
`Jungle/e3214(2,4).map`
3217
`Jungle/e3215(2,4).map`
3218
`Jungle/e3216(2,4).map`
3219
`Jungle/n3201(0,2).map`
3220
`Jungle/n3202(0,2).map`
3221
`Jungle/n3203(0,1).map`
3222
`Jungle/n3204(0,1).map`
3223
`Jungle/n3205(1,1).map`
3224
`Jungle/n3206(1,1).map`
3225
`Jungle/n3207(3,2).map`
3226
`Jungle/n3208(3,2).map`
3227
`Jungle/n3209(3,1).map`
3228
`Jungle/n3210(3,1).map`
3229
`Jungle/n3211(2,1).map`
3230
`Jungle/n3212(2,1).map`
3231
`Jungle/n3213(0,4).map`
3232
`Jungle/n3214(0,4).map`
3233
`Jungle/n3215(0,5).map`
3234
`Jungle/n3216(0,5).map`
3235
`Jungle/n3217(1,5).map`
3236
`Jungle/n3218(1,5).map`
3237
`Jungle/n3219(3,4).map`
3238
`Jungle/n3220(3,4).map`
3239
`Jungle/n3221(3,5).map`
3240
`Jungle/n3222(3,5).map`
3241
`Jungle/n3223(2,5).map`
3242
`Jungle/n3224(2,5).map`
3243
`Jungle/h3201(1,0).map`
3244
`Jungle/h3202(0,0).map`
3245
`Jungle/h3203(2,0).map`
3246
`Jungle/h3204(3,0).map`
3247
`Jungle/h3205(1,6).map`
3248
`Jungle/h3206(0,6).map`
3249
`Jungle/h3207(2,6).map`
3250
`Jungle/h3208(3,6).map`
3251
`Jungle/b3201(0,0).map`
3252
`Jungle/b3202(3,0).map`
3253
`Jungle/b3203(0,6).map`
3254
`Jungle/b3204(3,6).map`
3255
`Jungle/q3201.map`
3401
`Darkhell/s3401.map`
3402
`Darkhell/s3402.map`
3403
`Darkhell/e3401.map`
3404
`Darkhell/e3402.map`
3405
`Darkhell/e3403.map`
3406
`Darkhell/e3404.map`
3407
`Darkhell/n3401.map`
3408
`Darkhell/n3402.map`
3409
`Darkhell/n3403.map`
3410
`Darkhell/n3404.map`
3411
`Darkhell/n3405.map`
3412
`Darkhell/n3406.map`
3413
`Darkhell/n3407.map`
3414
`Darkhell/n3408.map`
3415
`Darkhell/h3401.map`
3416
`Darkhell/h3402.map`
3417
`Darkhell/h3403.map`
3418
`Darkhell/h3404.map`
3419
`Darkhell/h3405.map`
3420
`Darkhell/h3406.map`
3421
`Darkhell/h3407.map`
3422
`Darkhell/h3408.map`
3423
`Darkhell/b3401.map`
3424
`Darkhell/b3402.map`
3425
`Darkhell/q3401.map`
3601
`WhiteNight/s3601.map`
3602
`WhiteNight/s3601(0,6).map`
3603
`WhiteNight/e3601.map`
3604
`WhiteNight/e3601(0,5).map`
3605
`WhiteNight/n3601.map`
3606
`WhiteNight/n3602.map`
3607
`WhiteNight/n3603.map`
3608
`WhiteNight/n3604.map`
3609
`WhiteNight/n3605.map`
3610
`WhiteNight/n3606.map`
3611
`WhiteNight/n3607.map`
3612
`WhiteNight/n3608.map`
3613
`WhiteNight/n3609.map`
3614
`WhiteNight/n3610.map`
3615
`WhiteNight/n3611.map`
3616
`WhiteNight/n3612.map`
3617
`WhiteNight/n3613.map`
3618
`WhiteNight/n3614.map`
3619
`WhiteNight/n3615.map`
3620
`WhiteNight/n3601(0,4).map`
3621
`WhiteNight/n3602(0,3).map`
3622
`WhiteNight/n3603(1,3).map`
3623
`WhiteNight/h3601.map`
3624
`WhiteNight/h3602.map`
3625
`WhiteNight/h3603.map`
3626
`WhiteNight/h3604.map`
3627
`WhiteNight/h3601(2,3).map`
3628
`WhiteNight/h3602(2,4).map`
3629
`WhiteNight/h3603(2,1).map`
3630
`WhiteNight/h3604(1,3).map`
3631
`WhiteNight/h3605(0,3).map`
3632
`WhiteNight/h3606(0,4).map`
3633
`WhiteNight/h3607(0,5).map`
3634
`WhiteNight/h3608(0,6).map`
3635
`WhiteNight/h3609(0,2).map`
3636
`WhiteNight/h3610(0,1).map`
3637
`WhiteNight/h3611(0,0).map`
3638
`WhiteNight/b3601.map`
3639
`WhiteNight/b3602.map`
3640
`WhiteNight/b3601(2,5).map`
3641
`WhiteNight/q3601.map`
3801
`1stBackbone/s3801(3,0).map`
3802
`1stBackbone/e3801(2,0).map`
3803
`1stBackbone/e3802(1,0).map`
3804
`1stBackbone/e3803(0,0).map`
3805
`1stBackbone/n3801(0,1).map`
3806
`1stBackbone/n3802(0,2).map`
3807
`1stBackbone/n3803(0,3).map`
3808
`1stBackbone/n3804(1,3).map`
3809
`1stBackbone/n3805(2,3).map`
3810
`1stBackbone/n3806(3,3).map`
3811
`1stBackbone/h3801(3,2).map`
3812
`1stBackbone/h3802(3,1).map`
3813
`1stBackbone/h3803(2,1).map`
3814
`1stBackbone/h3804(1,1).map`
3815
`1stBackbone/h3805(2,2).map`
3816
`1stBackbone/h3806(1,2).map`
3817
`1stBackbone/h3807(3,1).map`
3818
`1stBackbone/b3801(2,2).map`
3819
`1stBackbone/b3802(1,2).map`
4001
`2ndBackbone/s4001.map`
4002
`2ndBackbone/s4002.map`
4003
`2ndBackbone/e4001.map`
4004
`2ndBackbone/e4002.map`
4005
`2ndBackbone/n4001.map`
4006
`2ndBackbone/n4002.map`
4007
`2ndBackbone/n4003.map`
4008
`2ndBackbone/n4004.map`
4009
`2ndBackbone/n4005.map`
4010
`2ndBackbone/n4006.map`
4011
`2ndBackbone/n4007.map`
4012
`2ndBackbone/n4008.map`
4013
`2ndBackbone/n4009.map`
4014
`2ndBackbone/n4010.map`
4015
`2ndBackbone/n4011.map`
4016
`2ndBackbone/n4012.map`
4017
`2ndBackbone/n4013.map`
4018
`2ndBackbone/n4014.map`
4019
`2ndBackbone/n4015.map`
4020
`2ndBackbone/n4016.map`
4021
`2ndBackbone/n4017.map`
4022
`2ndBackbone/n4018.map`
4023
`2ndBackbone/n4019.map`
4024
`2ndBackbone/n4020.map`
4025
`2ndBackbone/n4021.map`
4026
`2ndBackbone/n4022.map`
4027
`2ndBackbone/n4023.map`
4028
`2ndBackbone/n4024.map`
4029
`2ndBackbone/n4025.map`
4030
`2ndBackbone/h4001.map`
4031
`2ndBackbone/h4002.map`
4032
`2ndBackbone/h4003.map`
4033
`2ndBackbone/h4004.map`
4034
`2ndBackbone/h4005.map`
4035
`2ndBackbone/h4006.map`
4036
`2ndBackbone/b4001.map`
4037
`2ndBackbone/b4002.map`
4038
`2ndBackbone/h4007.map`
4201
`ShallowKeep/s4201.map`
4202
`ShallowKeep/s4202.map`
4203
`ShallowKeep/e4201(1,3).map`
4204
`ShallowKeep/e4202(2,3).map`
4205
`ShallowKeep/n4201(1,3).map`
4206
`ShallowKeep/n4202(2,3).map`
4207
`ShallowKeep/n4203(0,3).map`
4208
`ShallowKeep/n4204(3,3).map`
4209
`ShallowKeep/n4205(0,2).map`
4210
`ShallowKeep/n4206(0,2).map`
4211
`ShallowKeep/n4207(3,2).map`
4212
`ShallowKeep/n4208(3,2).map`
4213
`ShallowKeep/n4209(0,1).map`
4214
`ShallowKeep/n4210(0,1).map`
4215
`ShallowKeep/n4211(3,1).map`
4216
`ShallowKeep/n4212(3,1).map`
4217
`ShallowKeep/n4213(1,1).map`
4218
`ShallowKeep/n4214(1,1).map`
4219
`ShallowKeep/n4215(2,1).map`
4220
`ShallowKeep/n4216(2,1).map`
4221
`ShallowKeep/h4201(1,3).map`
4222
`ShallowKeep/h4202(2,3).map`
4223
`ShallowKeep/h4203(0,3).map`
4224
`ShallowKeep/h4204(3,3).map`
4225
`ShallowKeep/h4205(0,4).map`
4226
`ShallowKeep/h4206(1,4).map`
4227
`ShallowKeep/h4207(2,4).map`
4228
`ShallowKeep/h4208(3,4).map`
4229
`ShallowKeep/h4209(1,0).map`
4230
`ShallowKeep/h4210(1,0).map`
4231
`ShallowKeep/h4211(2,0).map`
4232
`ShallowKeep/h4212(2,0).map`
4233
`ShallowKeep/h4213(0,0).map`
4234
`ShallowKeep/h4214(3,0).map`
4235
`ShallowKeep/b4201.map`
4236
`ShallowKeep/b4202.map`
4401
`MarpissaLair/s4401.map`
4402
`MarpissaLair/s4402.map`
4403
`MarpissaLair/e4401.map`
4404
`MarpissaLair/e4402.map`
4405
`MarpissaLair/n4401(2,1).map`
4406
`MarpissaLair/n4402(2,0).map`
4407
`MarpissaLair/n4403(3,0).map`
4408
`MarpissaLair/n4404(3,1).map`
4409
`MarpissaLair/n4405(4,1).map`
4410
`MarpissaLair/n4406(2,2).map`
4411
`MarpissaLair/n4407(3,2).map`
4412
`MarpissaLair/n4408(3,3).map`
4413
`MarpissaLair/h4401(4,2).map`
4414
`MarpissaLair/h4402(4,3).map`
4415
`MarpissaLair/h4403(3,4).map`
4416
`MarpissaLair/h4404(4,0).map`
4417
`MarpissaLair/h4405(5,2).map`
4418
`MarpissaLair/h4406(5,3).map`
4419
`MarpissaLair/h4407(4,4).map`
4420
`MarpissaLair/b4401(5,2).map`
4421
`MarpissaLair/b4402(5,3).map`
4422
`MarpissaLair/b4403(4,4).map`
4601
`FloatingCastle/s4601.map`
4602
`FloatingCastle/e4601.map`
4603
`FloatingCastle/n4601.map`
4604
`FloatingCastle/n4602.map`
4605
`FloatingCastle/n4603.map`
4606
`FloatingCastle/n4604.map`
4607
`FloatingCastle/h4601.map`
4608
`FloatingCastle/h4602.map`
4609
`FloatingCastle/b4601.map`
4801
`KingsRuins/s4801.map`
4802
`KingsRuins/n4801.map`
4803
`KingsRuins/n4802.map`
4804
`KingsRuins/n4803.map`
4805
`KingsRuins/n4804.map`
4806
`KingsRuins/b4801.map`
5001
`MagmaCave/s5001.map`
5002
`MagmaCave/e5001.map`
5003
`MagmaCave/e5002.map`
5004
`MagmaCave/n5001.map`
5005
`MagmaCave/n5002.map`
5006
`MagmaCave/n5003.map`
5007
`MagmaCave/h5001.map`
5008
`MagmaCave/h5002.map`
5009
`MagmaCave/h5003.map`
5010
`MagmaCave/h5004.map`
5011
`MagmaCave/h5005.map`
5012
`MagmaCave/h5006.map`
5013
`MagmaCave/b5001.map`
45000
`Grenselos/Grenselos20-30.map`
45001
`Grenselos/Grenselos30-40.map`
45002
`Grenselos/Grenselos40-50.map`
50000
`RANDOM - 餌辨雖彊朝 高歜`
50001
`HendonMyre/Hendon_Pub_PVP V2.map`
50002
`Sepa/PVPMap_SkyCastle.map`
50003
`Sunderland/PvPMap_Swamp.map`
50004
`Sunderland/PvPMap_Swamp2.map`
50005
`Sepa/PVPMap_SkyCastle2.map`