#PVF_File

1
`Linus.npc`
2
`Seria.npc`
3
`Kanna.npc`
4
`Sinda.npc`
5
`Shusia.npc`
6
`Poongjin.npc`
7
`GSD.npc`
8
`Danjin.npc`
9
`Shylock.npc`
10
`Lorian.npc`
11
`Kagon.npc`
12
`Sharan.npc`
13
`Rothon.npc`
14
`Delilah.npc`
15
`Board.npc`
16
`Board_Pub.npc`
17
`Kiri.npc`
18
`Birken.npc`
19
`Ophelia.npc`
20
`Danjin1.npc`
21
`Danjin2.npc`
22
`Storage.npc`
23
`Birken2.npc`
24
`Breeze.npc`
25
`Gale.npc`
26
`Klonter.npc`
27
`Albert.npc`
28
`Iris.npc`
29
`Roger.npc`
30
`Daphne.npc`
31
`BQM.npc`
32
`PostBox.npc`
33
`Seagun.npc`
43
`MagicalPot.npc`
60
`Avagacha.npc`